2025-09-03T02:14:46.700-04:00  INFO 14040 --- [           main] com.example.core.CoreApplication         : Starting CoreApplication using Java 17.0.9 with PID 14040 (/Users/igorkhilkevich/IdeaProjects/statarbitrage/microservices/core/target/classes started by igorkhilkevich in /Users/igorkhilkevich/IdeaProjects/statarbitrage/microservices/core)
2025-09-03T02:14:46.701-04:00  INFO 14040 --- [           main] com.example.core.CoreApplication         : The following 1 profile is active: "default"
2025-09-03T02:14:47.240-04:00  INFO 14040 --- [           main] .s.d.r.c.RepositoryConfigurationDelegate : Bootstrapping Spring Data JPA repositories in DEFAULT mode.
2025-09-03T02:14:47.388-04:00  INFO 14040 --- [           main] .s.d.r.c.RepositoryConfigurationDelegate : Finished Spring Data repository scanning in 142 ms. Found 7 JPA repository interfaces.
2025-09-03T02:14:47.679-04:00  INFO 14040 --- [           main] faultConfiguringBeanFactoryPostProcessor : No bean named 'errorChannel' has been explicitly defined. Therefore, a default PublishSubscribeChannel will be created.
2025-09-03T02:14:47.682-04:00  INFO 14040 --- [           main] faultConfiguringBeanFactoryPostProcessor : No bean named 'integrationHeaderChannelRegistry' has been explicitly defined. Therefore, a default DefaultHeaderChannelRegistry will be created.
2025-09-03T02:14:47.749-04:00  INFO 14040 --- [           main] o.s.cloud.context.scope.GenericScope     : BeanFactory id=f6730c38-4113-3f56-a9d6-da5b64fbe9ea
2025-09-03T02:14:48.042-04:00  INFO 14040 --- [           main] o.s.b.w.embedded.tomcat.TomcatWebServer  : Tomcat initialized with port 8181 (http)
2025-09-03T02:14:48.052-04:00  INFO 14040 --- [           main] o.apache.catalina.core.StandardService   : Starting service [Tomcat]
2025-09-03T02:14:48.052-04:00  INFO 14040 --- [           main] o.apache.catalina.core.StandardEngine    : Starting Servlet engine: [Apache Tomcat/10.1.41]
2025-09-03T02:14:48.131-04:00  INFO 14040 --- [           main] o.a.c.c.C.[Tomcat].[localhost].[/]       : Initializing Spring embedded WebApplicationContext
2025-09-03T02:14:48.131-04:00  INFO 14040 --- [           main] w.s.c.ServletWebServerApplicationContext : Root WebApplicationContext: initialization completed in 1404 ms
2025-09-03T02:14:48.461-04:00  INFO 14040 --- [           main] c.v.f.s.VaadinServletContextInitializer  : Search for subclasses and classes with annotations took 135 ms
2025-09-03T02:14:48.828-04:00  INFO 14040 --- [           main] c.v.b.d.startup.DevModeStartupListener   : Starting dev-mode updaters in /Users/igorkhilkevich/IdeaProjects/statarbitrage/microservices/core folder.
2025-09-03T02:14:48.858-04:00  INFO 14040 --- [           main] c.v.f.s.f.s.FullDependenciesScanner      : Visited 109 classes. Took 13 ms.
2025-09-03T02:14:48.859-04:00  INFO 14040 --- [           main] c.v.f.s.frontend.BundleValidationUtil    : Checking if a development mode bundle build is needed
2025-09-03T02:14:48.980-04:00  INFO 14040 --- [           main] c.v.f.s.frontend.BundleValidationUtil    : A development mode bundle build is not needed
2025-09-03T02:14:48.994-04:00  INFO 14040 --- [onPool-worker-1] c.v.f.s.frontend.TaskCopyFrontendFiles   : Copying frontend resources from jar files ...
2025-09-03T02:14:49.019-04:00  INFO 14040 --- [onPool-worker-1] c.v.f.s.frontend.TaskCopyFrontendFiles   : Visited 18 resources. Took 24 ms.
2025-09-03T02:14:49.131-04:00  INFO 14040 --- [           main] com.zaxxer.hikari.HikariDataSource       : HikariPool-1 - Starting...
2025-09-03T02:14:49.258-04:00  INFO 14040 --- [           main] com.zaxxer.hikari.pool.HikariPool        : HikariPool-1 - Added connection org.postgresql.jdbc.PgConnection@dffcf1
2025-09-03T02:14:49.259-04:00  INFO 14040 --- [           main] com.zaxxer.hikari.HikariDataSource       : HikariPool-1 - Start completed.
2025-09-03T02:14:49.278-04:00  INFO 14040 --- [           main] org.flywaydb.core.FlywayExecutor         : Database: jdbc:postgresql://localhost:5432/statarbitrage (PostgreSQL 15.14)
2025-09-03T02:14:49.353-04:00  INFO 14040 --- [           main] o.f.core.internal.command.DbValidate     : Successfully validated 5 migrations (execution time 00:00.032s)
2025-09-03T02:14:49.390-04:00  INFO 14040 --- [           main] o.f.core.internal.command.DbMigrate      : Current version of schema "public": 5
2025-09-03T02:14:49.392-04:00  INFO 14040 --- [           main] o.f.core.internal.command.DbMigrate      : Schema "public" is up to date. No migration necessary.
2025-09-03T02:14:49.439-04:00  INFO 14040 --- [           main] o.hibernate.jpa.internal.util.LogHelper  : HHH000204: Processing PersistenceUnitInfo [name: default]
2025-09-03T02:14:49.469-04:00  INFO 14040 --- [           main] org.hibernate.Version                    : HHH000412: Hibernate ORM core version 6.6.15.Final
2025-09-03T02:14:49.491-04:00  INFO 14040 --- [           main] o.h.c.internal.RegionFactoryInitiator    : HHH000026: Second-level cache disabled
2025-09-03T02:14:49.634-04:00  INFO 14040 --- [           main] o.s.o.j.p.SpringPersistenceUnitInfo      : No LoadTimeWeaver setup: ignoring JPA class transformer
2025-09-03T02:14:49.671-04:00  WARN 14040 --- [           main] org.hibernate.orm.deprecation            : HHH90000025: PostgreSQLDialect does not need to be specified explicitly using 'hibernate.dialect' (remove the property setting and it will be selected by default)
2025-09-03T02:14:49.682-04:00  INFO 14040 --- [           main] org.hibernate.orm.connections.pooling    : HHH10001005: Database info:
	Database JDBC URL [Connecting through datasource 'HikariDataSource (HikariPool-1)']
	Database driver: undefined/unknown
	Database version: 15.14
	Autocommit mode: undefined/unknown
	Isolation level: undefined/unknown
	Minimum pool size: undefined/unknown
	Maximum pool size: undefined/unknown
2025-09-03T02:14:50.392-04:00  INFO 14040 --- [           main] o.h.e.t.j.p.i.JtaPlatformInitiator       : HHH000489: No JTA platform available (set 'hibernate.transaction.jta.platform' to enable JTA platform integration)
2025-09-03T02:14:50.393-04:00  INFO 14040 --- [           main] j.LocalContainerEntityManagerFactoryBean : Initialized JPA EntityManagerFactory for persistence unit 'default'
2025-09-03T02:14:50.661-04:00  INFO 14040 --- [           main] o.s.d.j.r.query.QueryEnhancerFactory     : Hibernate is in classpath; If applicable, HQL parser will be used.
2025-09-03T02:14:50.998-04:00  WARN 14040 --- [           main] JpaBaseConfiguration$JpaWebConfiguration : spring.jpa.open-in-view is enabled by default. Therefore, database queries may be performed during view rendering. Explicitly configure spring.jpa.open-in-view to disable this warning
2025-09-03T02:14:51.111-04:00  WARN 14040 --- [           main] c.e.c.t.p.RealOkxTradingProvider         : ⚠️ OKX API ключи не настроены
2025-09-03T02:14:51.111-04:00  WARN 14040 --- [           main] c.e.c.t.services.TradingProviderFactory  : ⚠️ Провайдер OKX API не подключен
2025-09-03T02:14:51.333-04:00  INFO 14040 --- [           main] c.e.core.ui.services.UIUpdateService     : Started periodic UI updates every 15 seconds
2025-09-03T02:14:51.334-04:00  INFO 14040 --- [           main] c.example.shared.config.MessagingConfig  : 📨 Messaging Configuration загружена
2025-09-03T02:14:51.865-04:00  INFO 14040 --- [           main] o.s.c.s.m.DirectWithAttributesChannel    : Channel 'core-service.cointegrationEventsConsumer-in-0' has 1 subscriber(s).
2025-09-03T02:14:52.012-04:00  INFO 14040 --- [           main] o.s.b.a.e.web.EndpointLinksResolver      : Exposing 3 endpoints beneath base path '/actuator'
2025-09-03T02:14:52.137-04:00  INFO 14040 --- [           main] org.atmosphere.cpr.AtmosphereFramework   : Installed AtmosphereHandler com.vaadin.flow.server.communication.PushAtmosphereHandler mapped to context-path: /*
2025-09-03T02:14:52.138-04:00  INFO 14040 --- [           main] org.atmosphere.cpr.AtmosphereFramework   : Installed the following AtmosphereInterceptor mapped to AtmosphereHandler com.vaadin.flow.server.communication.PushAtmosphereHandler
2025-09-03T02:14:52.161-04:00  INFO 14040 --- [           main] org.atmosphere.cpr.AtmosphereFramework   : Atmosphere is using org.atmosphere.util.VoidAnnotationProcessor for processing annotation
2025-09-03T02:14:52.167-04:00  INFO 14040 --- [           main] org.atmosphere.util.ForkJoinPool         : Using ForkJoinPool  java.util.concurrent.ForkJoinPool. Set the org.atmosphere.cpr.broadcaster.maxAsyncWriteThreads to -1 to fully use its power.
2025-09-03T02:14:52.171-04:00  INFO 14040 --- [           main] org.atmosphere.cpr.AtmosphereFramework   : Installed WebSocketProtocol org.atmosphere.websocket.protocol.SimpleHttpProtocol 
2025-09-03T02:14:52.174-04:00  INFO 14040 --- [           main] o.a.container.JSR356AsyncSupport         : JSR 356 Mapping path /VAADIN/push
2025-09-03T02:14:52.180-04:00  INFO 14040 --- [           main] org.atmosphere.cpr.AtmosphereFramework   : Installing Default AtmosphereInterceptors
2025-09-03T02:14:52.180-04:00  INFO 14040 --- [           main] org.atmosphere.cpr.AtmosphereFramework   : 	org.atmosphere.interceptor.CorsInterceptor : CORS Interceptor Support
2025-09-03T02:14:52.180-04:00  INFO 14040 --- [           main] org.atmosphere.cpr.AtmosphereFramework   : 	org.atmosphere.interceptor.CacheHeadersInterceptor : Default Response's Headers Interceptor
2025-09-03T02:14:52.180-04:00  INFO 14040 --- [           main] org.atmosphere.cpr.AtmosphereFramework   : 	org.atmosphere.interceptor.PaddingAtmosphereInterceptor : Browser Padding Interceptor Support
2025-09-03T02:14:52.181-04:00  INFO 14040 --- [           main] org.atmosphere.cpr.AtmosphereFramework   : 	org.atmosphere.interceptor.AndroidAtmosphereInterceptor : Android Interceptor Support
2025-09-03T02:14:52.181-04:00  INFO 14040 --- [           main] org.atmosphere.cpr.AtmosphereFramework   : 	org.atmosphere.interceptor.HeartbeatInterceptor : Heartbeat Interceptor Support
2025-09-03T02:14:52.181-04:00  INFO 14040 --- [           main] org.atmosphere.cpr.AtmosphereFramework   : 	org.atmosphere.interceptor.SSEAtmosphereInterceptor : SSE Interceptor Support
2025-09-03T02:14:52.181-04:00  INFO 14040 --- [           main] org.atmosphere.cpr.AtmosphereFramework   : 	org.atmosphere.interceptor.JSONPAtmosphereInterceptor : JSONP Interceptor Support
2025-09-03T02:14:52.182-04:00  INFO 14040 --- [           main] org.atmosphere.cpr.AtmosphereFramework   : 	org.atmosphere.interceptor.JavaScriptProtocol : Atmosphere JavaScript Protocol
2025-09-03T02:14:52.182-04:00  INFO 14040 --- [           main] org.atmosphere.cpr.AtmosphereFramework   : 	org.atmosphere.interceptor.WebSocketMessageSuspendInterceptor : org.atmosphere.interceptor.WebSocketMessageSuspendInterceptor
2025-09-03T02:14:52.182-04:00  INFO 14040 --- [           main] org.atmosphere.cpr.AtmosphereFramework   : 	org.atmosphere.interceptor.OnDisconnectInterceptor : Browser disconnection detection
2025-09-03T02:14:52.182-04:00  INFO 14040 --- [           main] org.atmosphere.cpr.AtmosphereFramework   : 	org.atmosphere.interceptor.IdleResourceInterceptor : org.atmosphere.interceptor.IdleResourceInterceptor
2025-09-03T02:14:52.182-04:00  INFO 14040 --- [           main] org.atmosphere.cpr.AtmosphereFramework   : Set org.atmosphere.cpr.AtmosphereInterceptor.disableDefaults to disable them.
2025-09-03T02:14:52.182-04:00  INFO 14040 --- [           main] org.atmosphere.cpr.AtmosphereFramework   : Installed AtmosphereInterceptor CORS Interceptor Support with priority FIRST_BEFORE_DEFAULT 
2025-09-03T02:14:52.182-04:00  INFO 14040 --- [           main] org.atmosphere.cpr.AtmosphereFramework   : Installed AtmosphereInterceptor Default Response's Headers Interceptor with priority AFTER_DEFAULT 
2025-09-03T02:14:52.182-04:00  INFO 14040 --- [           main] org.atmosphere.cpr.AtmosphereFramework   : Installed AtmosphereInterceptor Browser Padding Interceptor Support with priority AFTER_DEFAULT 
2025-09-03T02:14:52.182-04:00  INFO 14040 --- [           main] org.atmosphere.cpr.AtmosphereFramework   : Installed AtmosphereInterceptor Android Interceptor Support with priority AFTER_DEFAULT 
2025-09-03T02:14:52.183-04:00  INFO 14040 --- [           main] o.a.interceptor.HeartbeatInterceptor     : HeartbeatInterceptor configured with padding value 'X', client frequency 0 seconds and server frequency 60 seconds
2025-09-03T02:14:52.183-04:00  INFO 14040 --- [           main] org.atmosphere.cpr.AtmosphereFramework   : Installed AtmosphereInterceptor Heartbeat Interceptor Support with priority AFTER_DEFAULT 
2025-09-03T02:14:52.183-04:00  INFO 14040 --- [           main] org.atmosphere.cpr.AtmosphereFramework   : Installed AtmosphereInterceptor SSE Interceptor Support with priority AFTER_DEFAULT 
2025-09-03T02:14:52.183-04:00  INFO 14040 --- [           main] org.atmosphere.cpr.AtmosphereFramework   : Installed AtmosphereInterceptor JSONP Interceptor Support with priority AFTER_DEFAULT 
2025-09-03T02:14:52.183-04:00  INFO 14040 --- [           main] org.atmosphere.cpr.AtmosphereFramework   : Installed AtmosphereInterceptor Atmosphere JavaScript Protocol with priority AFTER_DEFAULT 
2025-09-03T02:14:52.183-04:00  INFO 14040 --- [           main] org.atmosphere.cpr.AtmosphereFramework   : Installed AtmosphereInterceptor org.atmosphere.interceptor.WebSocketMessageSuspendInterceptor with priority AFTER_DEFAULT 
2025-09-03T02:14:52.183-04:00  INFO 14040 --- [           main] org.atmosphere.cpr.AtmosphereFramework   : Installed AtmosphereInterceptor Browser disconnection detection with priority AFTER_DEFAULT 
2025-09-03T02:14:52.183-04:00  INFO 14040 --- [           main] org.atmosphere.cpr.AtmosphereFramework   : Installed AtmosphereInterceptor org.atmosphere.interceptor.IdleResourceInterceptor with priority BEFORE_DEFAULT 
2025-09-03T02:14:52.183-04:00  INFO 14040 --- [           main] org.atmosphere.cpr.AtmosphereFramework   : Using EndpointMapper class org.atmosphere.util.DefaultEndpointMapper
2025-09-03T02:14:52.183-04:00  INFO 14040 --- [           main] org.atmosphere.cpr.AtmosphereFramework   : Using BroadcasterCache: org.atmosphere.cache.UUIDBroadcasterCache
2025-09-03T02:14:52.183-04:00  INFO 14040 --- [           main] org.atmosphere.cpr.AtmosphereFramework   : Default Broadcaster Class: org.atmosphere.cpr.DefaultBroadcaster
2025-09-03T02:14:52.183-04:00  INFO 14040 --- [           main] org.atmosphere.cpr.AtmosphereFramework   : Broadcaster Shared List Resources: false
2025-09-03T02:14:52.183-04:00  INFO 14040 --- [           main] org.atmosphere.cpr.AtmosphereFramework   : Broadcaster Polling Wait Time 100
2025-09-03T02:14:52.183-04:00  INFO 14040 --- [           main] org.atmosphere.cpr.AtmosphereFramework   : Shared ExecutorService supported: true
2025-09-03T02:14:52.183-04:00  INFO 14040 --- [           main] org.atmosphere.cpr.AtmosphereFramework   : Messaging ExecutorService Pool Size unavailable - Not instance of ThreadPoolExecutor
2025-09-03T02:14:52.183-04:00  INFO 14040 --- [           main] org.atmosphere.cpr.AtmosphereFramework   : Async I/O Thread Pool Size: 200
2025-09-03T02:14:52.183-04:00  INFO 14040 --- [           main] org.atmosphere.cpr.AtmosphereFramework   : Using BroadcasterFactory: org.atmosphere.cpr.DefaultBroadcasterFactory
2025-09-03T02:14:52.183-04:00  INFO 14040 --- [           main] org.atmosphere.cpr.AtmosphereFramework   : Using AtmosphereResurceFactory: org.atmosphere.cpr.DefaultAtmosphereResourceFactory
2025-09-03T02:14:52.183-04:00  INFO 14040 --- [           main] org.atmosphere.cpr.AtmosphereFramework   : Using WebSocketProcessor: org.atmosphere.websocket.DefaultWebSocketProcessor
2025-09-03T02:14:52.184-04:00  INFO 14040 --- [           main] org.atmosphere.cpr.AtmosphereFramework   : Invoke AtmosphereInterceptor on WebSocket message true
2025-09-03T02:14:52.184-04:00  INFO 14040 --- [           main] org.atmosphere.cpr.AtmosphereFramework   : HttpSession supported: true
2025-09-03T02:14:52.184-04:00  INFO 14040 --- [           main] org.atmosphere.cpr.AtmosphereFramework   : Atmosphere is using org.atmosphere.inject.InjectableObjectFactory for dependency injection and object creation
2025-09-03T02:14:52.184-04:00  INFO 14040 --- [           main] org.atmosphere.cpr.AtmosphereFramework   : Atmosphere is using async support: org.atmosphere.container.JSR356AsyncSupport running under container: Apache Tomcat/10.1.41 using jakarta.servlet/3.0 and jsr356/WebSocket API
2025-09-03T02:14:52.185-04:00  INFO 14040 --- [           main] org.atmosphere.cpr.AtmosphereFramework   : Atmosphere Framework 3.0.4.slf4jvaadin1 started.
2025-09-03T02:14:52.187-04:00  INFO 14040 --- [           main] org.atmosphere.cpr.AtmosphereFramework   : Installed AtmosphereInterceptor  Track Message Size Interceptor using | with priority BEFORE_DEFAULT 
2025-09-03T02:14:52.211-04:00  INFO 14040 --- [           main] o.s.i.endpoint.EventDrivenConsumer       : Adding {logging-channel-adapter:_org.springframework.integration.errorLogger} as a subscriber to the 'errorChannel' channel
2025-09-03T02:14:52.212-04:00  INFO 14040 --- [           main] o.s.i.channel.PublishSubscribeChannel    : Channel 'core-service.errorChannel' has 1 subscriber(s).
2025-09-03T02:14:52.212-04:00  INFO 14040 --- [           main] o.s.i.endpoint.EventDrivenConsumer       : started bean '_org.springframework.integration.errorLogger'
2025-09-03T02:14:52.262-04:00  INFO 14040 --- [           main] o.s.i.endpoint.EventDrivenConsumer       : Removing {logging-channel-adapter:_org.springframework.integration.errorLogger} as a subscriber to the 'errorChannel' channel
2025-09-03T02:14:52.262-04:00  INFO 14040 --- [           main] o.s.i.channel.PublishSubscribeChannel    : Channel 'core-service.errorChannel' has 0 subscriber(s).
2025-09-03T02:14:52.262-04:00  INFO 14040 --- [           main] o.s.i.endpoint.EventDrivenConsumer       : stopped bean '_org.springframework.integration.errorLogger'
2025-09-03T02:14:52.262-04:00  WARN 14040 --- [           main] ConfigServletWebServerApplicationContext : Exception encountered during context initialization - cancelling refresh attempt: org.springframework.context.ApplicationContextException: Failed to start bean 'webServerStartStop'
2025-09-03T02:14:52.271-04:00  INFO 14040 --- [           main] j.LocalContainerEntityManagerFactoryBean : Closing JPA EntityManagerFactory for persistence unit 'default'
2025-09-03T02:14:52.274-04:00  INFO 14040 --- [           main] com.zaxxer.hikari.HikariDataSource       : HikariPool-1 - Shutdown initiated...
2025-09-03T02:14:52.275-04:00  INFO 14040 --- [           main] com.zaxxer.hikari.HikariDataSource       : HikariPool-1 - Shutdown completed.
2025-09-03T02:14:52.303-04:00  INFO 14040 --- [           main] .s.b.a.l.ConditionEvaluationReportLogger : 

Error starting ApplicationContext. To display the condition evaluation report re-run your application with 'debug' enabled.
2025-09-03T02:14:52.315-04:00 ERROR 14040 --- [           main] o.s.b.d.LoggingFailureAnalysisReporter   : 

***************************
APPLICATION FAILED TO START
***************************

Description:

Web server failed to start. Port 8181 was already in use.

Action:

Identify and stop the process that's listening on port 8181 or configure this application to listen on another port.

2025-09-03T02:20:11.382-04:00  INFO 14280 --- [           main] com.example.core.CoreApplication         : Starting CoreApplication using Java 17.0.9 with PID 14280 (/Users/igorkhilkevich/IdeaProjects/statarbitrage/microservices/core/target/classes started by igorkhilkevich in /Users/igorkhilkevich/IdeaProjects/statarbitrage/microservices/core)
2025-09-03T02:20:11.383-04:00  INFO 14280 --- [           main] com.example.core.CoreApplication         : The following 1 profile is active: "default"
2025-09-03T02:20:11.831-04:00  INFO 14280 --- [           main] .s.d.r.c.RepositoryConfigurationDelegate : Bootstrapping Spring Data JPA repositories in DEFAULT mode.
2025-09-03T02:20:11.978-04:00  INFO 14280 --- [           main] .s.d.r.c.RepositoryConfigurationDelegate : Finished Spring Data repository scanning in 141 ms. Found 7 JPA repository interfaces.
2025-09-03T02:20:12.276-04:00  INFO 14280 --- [           main] faultConfiguringBeanFactoryPostProcessor : No bean named 'errorChannel' has been explicitly defined. Therefore, a default PublishSubscribeChannel will be created.
2025-09-03T02:20:12.280-04:00  INFO 14280 --- [           main] faultConfiguringBeanFactoryPostProcessor : No bean named 'integrationHeaderChannelRegistry' has been explicitly defined. Therefore, a default DefaultHeaderChannelRegistry will be created.
2025-09-03T02:20:12.350-04:00  INFO 14280 --- [           main] o.s.cloud.context.scope.GenericScope     : BeanFactory id=f6730c38-4113-3f56-a9d6-da5b64fbe9ea
2025-09-03T02:20:12.631-04:00  INFO 14280 --- [           main] o.s.b.w.embedded.tomcat.TomcatWebServer  : Tomcat initialized with port 8181 (http)
2025-09-03T02:20:12.639-04:00  INFO 14280 --- [           main] o.apache.catalina.core.StandardService   : Starting service [Tomcat]
2025-09-03T02:20:12.640-04:00  INFO 14280 --- [           main] o.apache.catalina.core.StandardEngine    : Starting Servlet engine: [Apache Tomcat/10.1.41]
2025-09-03T02:20:12.683-04:00  INFO 14280 --- [           main] o.a.c.c.C.[Tomcat].[localhost].[/]       : Initializing Spring embedded WebApplicationContext
2025-09-03T02:20:12.683-04:00  INFO 14280 --- [           main] w.s.c.ServletWebServerApplicationContext : Root WebApplicationContext: initialization completed in 1274 ms
2025-09-03T02:20:13.015-04:00  INFO 14280 --- [           main] c.v.f.s.VaadinServletContextInitializer  : Search for subclasses and classes with annotations took 133 ms
2025-09-03T02:20:13.518-04:00  INFO 14280 --- [           main] c.v.b.d.startup.DevModeStartupListener   : Starting dev-mode updaters in /Users/igorkhilkevich/IdeaProjects/statarbitrage/microservices/core folder.
2025-09-03T02:20:13.568-04:00  INFO 14280 --- [           main] c.v.f.s.f.s.FullDependenciesScanner      : Visited 109 classes. Took 21 ms.
2025-09-03T02:20:13.571-04:00  INFO 14280 --- [           main] c.v.f.s.frontend.BundleValidationUtil    : Checking if a development mode bundle build is needed
2025-09-03T02:20:13.732-04:00  INFO 14280 --- [           main] c.v.f.s.frontend.BundleValidationUtil    : A development mode bundle build is not needed
2025-09-03T02:20:13.750-04:00  INFO 14280 --- [onPool-worker-1] c.v.f.s.frontend.TaskCopyFrontendFiles   : Copying frontend resources from jar files ...
2025-09-03T02:20:13.780-04:00  INFO 14280 --- [onPool-worker-1] c.v.f.s.frontend.TaskCopyFrontendFiles   : Visited 18 resources. Took 30 ms.
2025-09-03T02:20:13.978-04:00  INFO 14280 --- [           main] com.zaxxer.hikari.HikariDataSource       : HikariPool-1 - Starting...
2025-09-03T02:20:14.150-04:00  INFO 14280 --- [           main] com.zaxxer.hikari.pool.HikariPool        : HikariPool-1 - Added connection org.postgresql.jdbc.PgConnection@23c61c1b
2025-09-03T02:20:14.151-04:00  INFO 14280 --- [           main] com.zaxxer.hikari.HikariDataSource       : HikariPool-1 - Start completed.
2025-09-03T02:20:14.177-04:00  INFO 14280 --- [           main] org.flywaydb.core.FlywayExecutor         : Database: jdbc:postgresql://localhost:5432/statarbitrage (PostgreSQL 15.14)
2025-09-03T02:20:14.241-04:00  INFO 14280 --- [           main] o.f.core.internal.command.DbValidate     : Successfully validated 6 migrations (execution time 00:00.028s)
2025-09-03T02:20:14.283-04:00  INFO 14280 --- [           main] o.f.core.internal.command.DbMigrate      : Current version of schema "public": 5
2025-09-03T02:20:14.293-04:00  INFO 14280 --- [           main] o.f.core.internal.command.DbMigrate      : Migrating schema "public" to version "6 - create portfolio history table"
2025-09-03T02:20:14.379-04:00  INFO 14280 --- [           main] o.f.core.internal.command.DbMigrate      : Successfully applied 1 migration to schema "public", now at version v6 (execution time 00:00.067s)
2025-09-03T02:20:14.433-04:00  INFO 14280 --- [           main] o.hibernate.jpa.internal.util.LogHelper  : HHH000204: Processing PersistenceUnitInfo [name: default]
2025-09-03T02:20:14.467-04:00  INFO 14280 --- [           main] org.hibernate.Version                    : HHH000412: Hibernate ORM core version 6.6.15.Final
2025-09-03T02:20:14.500-04:00  INFO 14280 --- [           main] o.h.c.internal.RegionFactoryInitiator    : HHH000026: Second-level cache disabled
2025-09-03T02:20:14.657-04:00  INFO 14280 --- [           main] o.s.o.j.p.SpringPersistenceUnitInfo      : No LoadTimeWeaver setup: ignoring JPA class transformer
2025-09-03T02:20:14.695-04:00  WARN 14280 --- [           main] org.hibernate.orm.deprecation            : HHH90000025: PostgreSQLDialect does not need to be specified explicitly using 'hibernate.dialect' (remove the property setting and it will be selected by default)
2025-09-03T02:20:14.706-04:00  INFO 14280 --- [           main] org.hibernate.orm.connections.pooling    : HHH10001005: Database info:
	Database JDBC URL [Connecting through datasource 'HikariDataSource (HikariPool-1)']
	Database driver: undefined/unknown
	Database version: 15.14
	Autocommit mode: undefined/unknown
	Isolation level: undefined/unknown
	Minimum pool size: undefined/unknown
	Maximum pool size: undefined/unknown
2025-09-03T02:20:15.627-04:00  INFO 14280 --- [           main] o.h.e.t.j.p.i.JtaPlatformInitiator       : HHH000489: No JTA platform available (set 'hibernate.transaction.jta.platform' to enable JTA platform integration)
2025-09-03T02:20:15.629-04:00  INFO 14280 --- [           main] j.LocalContainerEntityManagerFactoryBean : Initialized JPA EntityManagerFactory for persistence unit 'default'
2025-09-03T02:20:15.931-04:00  INFO 14280 --- [           main] o.s.d.j.r.query.QueryEnhancerFactory     : Hibernate is in classpath; If applicable, HQL parser will be used.
2025-09-03T02:20:16.244-04:00  WARN 14280 --- [           main] JpaBaseConfiguration$JpaWebConfiguration : spring.jpa.open-in-view is enabled by default. Therefore, database queries may be performed during view rendering. Explicitly configure spring.jpa.open-in-view to disable this warning
2025-09-03T02:20:16.361-04:00  WARN 14280 --- [           main] c.e.c.t.p.RealOkxTradingProvider         : ⚠️ OKX API ключи не настроены
2025-09-03T02:20:16.361-04:00  WARN 14280 --- [           main] c.e.c.t.services.TradingProviderFactory  : ⚠️ Провайдер OKX API не подключен
2025-09-03T02:20:16.562-04:00  INFO 14280 --- [           main] c.e.core.ui.services.UIUpdateService     : Started periodic UI updates every 15 seconds
2025-09-03T02:20:16.563-04:00  INFO 14280 --- [           main] c.example.shared.config.MessagingConfig  : 📨 Messaging Configuration загружена
2025-09-03T02:20:17.055-04:00  INFO 14280 --- [           main] o.s.c.s.m.DirectWithAttributesChannel    : Channel 'core-service.cointegrationEventsConsumer-in-0' has 1 subscriber(s).
2025-09-03T02:20:17.216-04:00  INFO 14280 --- [           main] o.s.b.a.e.web.EndpointLinksResolver      : Exposing 3 endpoints beneath base path '/actuator'
2025-09-03T02:20:17.324-04:00  INFO 14280 --- [           main] org.atmosphere.cpr.AtmosphereFramework   : Installed AtmosphereHandler com.vaadin.flow.server.communication.PushAtmosphereHandler mapped to context-path: /*
2025-09-03T02:20:17.324-04:00  INFO 14280 --- [           main] org.atmosphere.cpr.AtmosphereFramework   : Installed the following AtmosphereInterceptor mapped to AtmosphereHandler com.vaadin.flow.server.communication.PushAtmosphereHandler
2025-09-03T02:20:17.343-04:00  INFO 14280 --- [           main] org.atmosphere.cpr.AtmosphereFramework   : Atmosphere is using org.atmosphere.util.VoidAnnotationProcessor for processing annotation
2025-09-03T02:20:17.347-04:00  INFO 14280 --- [           main] org.atmosphere.util.ForkJoinPool         : Using ForkJoinPool  java.util.concurrent.ForkJoinPool. Set the org.atmosphere.cpr.broadcaster.maxAsyncWriteThreads to -1 to fully use its power.
2025-09-03T02:20:17.350-04:00  INFO 14280 --- [           main] org.atmosphere.cpr.AtmosphereFramework   : Installed WebSocketProtocol org.atmosphere.websocket.protocol.SimpleHttpProtocol 
2025-09-03T02:20:17.354-04:00  INFO 14280 --- [           main] o.a.container.JSR356AsyncSupport         : JSR 356 Mapping path /VAADIN/push
2025-09-03T02:20:17.358-04:00  INFO 14280 --- [           main] org.atmosphere.cpr.AtmosphereFramework   : Installing Default AtmosphereInterceptors
2025-09-03T02:20:17.359-04:00  INFO 14280 --- [           main] org.atmosphere.cpr.AtmosphereFramework   : 	org.atmosphere.interceptor.CorsInterceptor : CORS Interceptor Support
2025-09-03T02:20:17.359-04:00  INFO 14280 --- [           main] org.atmosphere.cpr.AtmosphereFramework   : 	org.atmosphere.interceptor.CacheHeadersInterceptor : Default Response's Headers Interceptor
2025-09-03T02:20:17.359-04:00  INFO 14280 --- [           main] org.atmosphere.cpr.AtmosphereFramework   : 	org.atmosphere.interceptor.PaddingAtmosphereInterceptor : Browser Padding Interceptor Support
2025-09-03T02:20:17.359-04:00  INFO 14280 --- [           main] org.atmosphere.cpr.AtmosphereFramework   : 	org.atmosphere.interceptor.AndroidAtmosphereInterceptor : Android Interceptor Support
2025-09-03T02:20:17.359-04:00  INFO 14280 --- [           main] org.atmosphere.cpr.AtmosphereFramework   : 	org.atmosphere.interceptor.HeartbeatInterceptor : Heartbeat Interceptor Support
2025-09-03T02:20:17.360-04:00  INFO 14280 --- [           main] org.atmosphere.cpr.AtmosphereFramework   : 	org.atmosphere.interceptor.SSEAtmosphereInterceptor : SSE Interceptor Support
2025-09-03T02:20:17.360-04:00  INFO 14280 --- [           main] org.atmosphere.cpr.AtmosphereFramework   : 	org.atmosphere.interceptor.JSONPAtmosphereInterceptor : JSONP Interceptor Support
2025-09-03T02:20:17.360-04:00  INFO 14280 --- [           main] org.atmosphere.cpr.AtmosphereFramework   : 	org.atmosphere.interceptor.JavaScriptProtocol : Atmosphere JavaScript Protocol
2025-09-03T02:20:17.360-04:00  INFO 14280 --- [           main] org.atmosphere.cpr.AtmosphereFramework   : 	org.atmosphere.interceptor.WebSocketMessageSuspendInterceptor : org.atmosphere.interceptor.WebSocketMessageSuspendInterceptor
2025-09-03T02:20:17.360-04:00  INFO 14280 --- [           main] org.atmosphere.cpr.AtmosphereFramework   : 	org.atmosphere.interceptor.OnDisconnectInterceptor : Browser disconnection detection
2025-09-03T02:20:17.360-04:00  INFO 14280 --- [           main] org.atmosphere.cpr.AtmosphereFramework   : 	org.atmosphere.interceptor.IdleResourceInterceptor : org.atmosphere.interceptor.IdleResourceInterceptor
2025-09-03T02:20:17.360-04:00  INFO 14280 --- [           main] org.atmosphere.cpr.AtmosphereFramework   : Set org.atmosphere.cpr.AtmosphereInterceptor.disableDefaults to disable them.
2025-09-03T02:20:17.361-04:00  INFO 14280 --- [           main] org.atmosphere.cpr.AtmosphereFramework   : Installed AtmosphereInterceptor CORS Interceptor Support with priority FIRST_BEFORE_DEFAULT 
2025-09-03T02:20:17.361-04:00  INFO 14280 --- [           main] org.atmosphere.cpr.AtmosphereFramework   : Installed AtmosphereInterceptor Default Response's Headers Interceptor with priority AFTER_DEFAULT 
2025-09-03T02:20:17.361-04:00  INFO 14280 --- [           main] org.atmosphere.cpr.AtmosphereFramework   : Installed AtmosphereInterceptor Browser Padding Interceptor Support with priority AFTER_DEFAULT 
2025-09-03T02:20:17.361-04:00  INFO 14280 --- [           main] org.atmosphere.cpr.AtmosphereFramework   : Installed AtmosphereInterceptor Android Interceptor Support with priority AFTER_DEFAULT 
2025-09-03T02:20:17.361-04:00  INFO 14280 --- [           main] o.a.interceptor.HeartbeatInterceptor     : HeartbeatInterceptor configured with padding value 'X', client frequency 0 seconds and server frequency 60 seconds
2025-09-03T02:20:17.361-04:00  INFO 14280 --- [           main] org.atmosphere.cpr.AtmosphereFramework   : Installed AtmosphereInterceptor Heartbeat Interceptor Support with priority AFTER_DEFAULT 
2025-09-03T02:20:17.361-04:00  INFO 14280 --- [           main] org.atmosphere.cpr.AtmosphereFramework   : Installed AtmosphereInterceptor SSE Interceptor Support with priority AFTER_DEFAULT 
2025-09-03T02:20:17.361-04:00  INFO 14280 --- [           main] org.atmosphere.cpr.AtmosphereFramework   : Installed AtmosphereInterceptor JSONP Interceptor Support with priority AFTER_DEFAULT 
2025-09-03T02:20:17.361-04:00  INFO 14280 --- [           main] org.atmosphere.cpr.AtmosphereFramework   : Installed AtmosphereInterceptor Atmosphere JavaScript Protocol with priority AFTER_DEFAULT 
2025-09-03T02:20:17.361-04:00  INFO 14280 --- [           main] org.atmosphere.cpr.AtmosphereFramework   : Installed AtmosphereInterceptor org.atmosphere.interceptor.WebSocketMessageSuspendInterceptor with priority AFTER_DEFAULT 
2025-09-03T02:20:17.361-04:00  INFO 14280 --- [           main] org.atmosphere.cpr.AtmosphereFramework   : Installed AtmosphereInterceptor Browser disconnection detection with priority AFTER_DEFAULT 
2025-09-03T02:20:17.361-04:00  INFO 14280 --- [           main] org.atmosphere.cpr.AtmosphereFramework   : Installed AtmosphereInterceptor org.atmosphere.interceptor.IdleResourceInterceptor with priority BEFORE_DEFAULT 
2025-09-03T02:20:17.361-04:00  INFO 14280 --- [           main] org.atmosphere.cpr.AtmosphereFramework   : Using EndpointMapper class org.atmosphere.util.DefaultEndpointMapper
2025-09-03T02:20:17.361-04:00  INFO 14280 --- [           main] org.atmosphere.cpr.AtmosphereFramework   : Using BroadcasterCache: org.atmosphere.cache.UUIDBroadcasterCache
2025-09-03T02:20:17.361-04:00  INFO 14280 --- [           main] org.atmosphere.cpr.AtmosphereFramework   : Default Broadcaster Class: org.atmosphere.cpr.DefaultBroadcaster
2025-09-03T02:20:17.361-04:00  INFO 14280 --- [           main] org.atmosphere.cpr.AtmosphereFramework   : Broadcaster Shared List Resources: false
2025-09-03T02:20:17.361-04:00  INFO 14280 --- [           main] org.atmosphere.cpr.AtmosphereFramework   : Broadcaster Polling Wait Time 100
2025-09-03T02:20:17.361-04:00  INFO 14280 --- [           main] org.atmosphere.cpr.AtmosphereFramework   : Shared ExecutorService supported: true
2025-09-03T02:20:17.362-04:00  INFO 14280 --- [           main] org.atmosphere.cpr.AtmosphereFramework   : Messaging ExecutorService Pool Size unavailable - Not instance of ThreadPoolExecutor
2025-09-03T02:20:17.362-04:00  INFO 14280 --- [           main] org.atmosphere.cpr.AtmosphereFramework   : Async I/O Thread Pool Size: 200
2025-09-03T02:20:17.362-04:00  INFO 14280 --- [           main] org.atmosphere.cpr.AtmosphereFramework   : Using BroadcasterFactory: org.atmosphere.cpr.DefaultBroadcasterFactory
2025-09-03T02:20:17.362-04:00  INFO 14280 --- [           main] org.atmosphere.cpr.AtmosphereFramework   : Using AtmosphereResurceFactory: org.atmosphere.cpr.DefaultAtmosphereResourceFactory
2025-09-03T02:20:17.362-04:00  INFO 14280 --- [           main] org.atmosphere.cpr.AtmosphereFramework   : Using WebSocketProcessor: org.atmosphere.websocket.DefaultWebSocketProcessor
2025-09-03T02:20:17.363-04:00  INFO 14280 --- [           main] org.atmosphere.cpr.AtmosphereFramework   : Invoke AtmosphereInterceptor on WebSocket message true
2025-09-03T02:20:17.363-04:00  INFO 14280 --- [           main] org.atmosphere.cpr.AtmosphereFramework   : HttpSession supported: true
2025-09-03T02:20:17.363-04:00  INFO 14280 --- [           main] org.atmosphere.cpr.AtmosphereFramework   : Atmosphere is using org.atmosphere.inject.InjectableObjectFactory for dependency injection and object creation
2025-09-03T02:20:17.363-04:00  INFO 14280 --- [           main] org.atmosphere.cpr.AtmosphereFramework   : Atmosphere is using async support: org.atmosphere.container.JSR356AsyncSupport running under container: Apache Tomcat/10.1.41 using jakarta.servlet/3.0 and jsr356/WebSocket API
2025-09-03T02:20:17.363-04:00  INFO 14280 --- [           main] org.atmosphere.cpr.AtmosphereFramework   : Atmosphere Framework 3.0.4.slf4jvaadin1 started.
2025-09-03T02:20:17.365-04:00  INFO 14280 --- [           main] org.atmosphere.cpr.AtmosphereFramework   : Installed AtmosphereInterceptor  Track Message Size Interceptor using | with priority BEFORE_DEFAULT 
2025-09-03T02:20:17.387-04:00  INFO 14280 --- [           main] o.s.i.endpoint.EventDrivenConsumer       : Adding {logging-channel-adapter:_org.springframework.integration.errorLogger} as a subscriber to the 'errorChannel' channel
2025-09-03T02:20:17.387-04:00  INFO 14280 --- [           main] o.s.i.channel.PublishSubscribeChannel    : Channel 'core-service.errorChannel' has 1 subscriber(s).
2025-09-03T02:20:17.387-04:00  INFO 14280 --- [           main] o.s.i.endpoint.EventDrivenConsumer       : started bean '_org.springframework.integration.errorLogger'
2025-09-03T02:20:17.426-04:00  INFO 14280 --- [           main] o.s.i.endpoint.EventDrivenConsumer       : Removing {logging-channel-adapter:_org.springframework.integration.errorLogger} as a subscriber to the 'errorChannel' channel
2025-09-03T02:20:17.426-04:00  INFO 14280 --- [           main] o.s.i.channel.PublishSubscribeChannel    : Channel 'core-service.errorChannel' has 0 subscriber(s).
2025-09-03T02:20:17.426-04:00  INFO 14280 --- [           main] o.s.i.endpoint.EventDrivenConsumer       : stopped bean '_org.springframework.integration.errorLogger'
2025-09-03T02:20:17.426-04:00  WARN 14280 --- [           main] ConfigServletWebServerApplicationContext : Exception encountered during context initialization - cancelling refresh attempt: org.springframework.context.ApplicationContextException: Failed to start bean 'webServerStartStop'
2025-09-03T02:20:17.432-04:00  INFO 14280 --- [           main] j.LocalContainerEntityManagerFactoryBean : Closing JPA EntityManagerFactory for persistence unit 'default'
2025-09-03T02:20:17.433-04:00  INFO 14280 --- [           main] com.zaxxer.hikari.HikariDataSource       : HikariPool-1 - Shutdown initiated...
2025-09-03T02:20:17.434-04:00  INFO 14280 --- [           main] com.zaxxer.hikari.HikariDataSource       : HikariPool-1 - Shutdown completed.
2025-09-03T02:20:17.466-04:00  INFO 14280 --- [           main] .s.b.a.l.ConditionEvaluationReportLogger : 

Error starting ApplicationContext. To display the condition evaluation report re-run your application with 'debug' enabled.
2025-09-03T02:20:17.476-04:00 ERROR 14280 --- [           main] o.s.b.d.LoggingFailureAnalysisReporter   : 

***************************
APPLICATION FAILED TO START
***************************

Description:

Web server failed to start. Port 8181 was already in use.

Action:

Identify and stop the process that's listening on port 8181 or configure this application to listen on another port.

2025-09-03T02:21:53.662-04:00  INFO 14360 --- [           main] com.example.core.CoreApplication         : Starting CoreApplication using Java 17.0.9 with PID 14360 (/Users/igorkhilkevich/IdeaProjects/statarbitrage/microservices/core/target/classes started by igorkhilkevich in /Users/igorkhilkevich/IdeaProjects/statarbitrage/microservices/core)
2025-09-03T02:21:53.663-04:00  INFO 14360 --- [           main] com.example.core.CoreApplication         : The following 1 profile is active: "default"
2025-09-03T02:21:54.063-04:00  INFO 14360 --- [           main] .s.d.r.c.RepositoryConfigurationDelegate : Bootstrapping Spring Data JPA repositories in DEFAULT mode.
2025-09-03T02:21:54.200-04:00  INFO 14360 --- [           main] .s.d.r.c.RepositoryConfigurationDelegate : Finished Spring Data repository scanning in 131 ms. Found 7 JPA repository interfaces.
2025-09-03T02:21:54.480-04:00  INFO 14360 --- [           main] faultConfiguringBeanFactoryPostProcessor : No bean named 'errorChannel' has been explicitly defined. Therefore, a default PublishSubscribeChannel will be created.
2025-09-03T02:21:54.484-04:00  INFO 14360 --- [           main] faultConfiguringBeanFactoryPostProcessor : No bean named 'integrationHeaderChannelRegistry' has been explicitly defined. Therefore, a default DefaultHeaderChannelRegistry will be created.
2025-09-03T02:21:54.547-04:00  INFO 14360 --- [           main] o.s.cloud.context.scope.GenericScope     : BeanFactory id=f6730c38-4113-3f56-a9d6-da5b64fbe9ea
2025-09-03T02:21:54.791-04:00  INFO 14360 --- [           main] o.s.b.w.embedded.tomcat.TomcatWebServer  : Tomcat initialized with port 8182 (http)
2025-09-03T02:21:54.800-04:00  INFO 14360 --- [           main] o.apache.catalina.core.StandardService   : Starting service [Tomcat]
2025-09-03T02:21:54.800-04:00  INFO 14360 --- [           main] o.apache.catalina.core.StandardEngine    : Starting Servlet engine: [Apache Tomcat/10.1.41]
2025-09-03T02:21:54.848-04:00  INFO 14360 --- [           main] o.a.c.c.C.[Tomcat].[localhost].[/]       : Initializing Spring embedded WebApplicationContext
2025-09-03T02:21:54.848-04:00  INFO 14360 --- [           main] w.s.c.ServletWebServerApplicationContext : Root WebApplicationContext: initialization completed in 1159 ms
2025-09-03T02:21:55.145-04:00  INFO 14360 --- [           main] c.v.f.s.VaadinServletContextInitializer  : Search for subclasses and classes with annotations took 125 ms
2025-09-03T02:21:55.499-04:00  INFO 14360 --- [           main] c.v.b.d.startup.DevModeStartupListener   : Starting dev-mode updaters in /Users/igorkhilkevich/IdeaProjects/statarbitrage/microservices/core folder.
2025-09-03T02:21:55.524-04:00  INFO 14360 --- [           main] c.v.f.s.f.s.FullDependenciesScanner      : Visited 109 classes. Took 13 ms.
2025-09-03T02:21:55.526-04:00  INFO 14360 --- [           main] c.v.f.s.frontend.BundleValidationUtil    : Checking if a development mode bundle build is needed
2025-09-03T02:21:55.635-04:00  INFO 14360 --- [           main] c.v.f.s.frontend.BundleValidationUtil    : A development mode bundle build is not needed
2025-09-03T02:21:55.651-04:00  INFO 14360 --- [onPool-worker-1] c.v.f.s.frontend.TaskCopyFrontendFiles   : Copying frontend resources from jar files ...
2025-09-03T02:21:55.675-04:00  INFO 14360 --- [onPool-worker-1] c.v.f.s.frontend.TaskCopyFrontendFiles   : Visited 18 resources. Took 23 ms.
2025-09-03T02:21:55.773-04:00  INFO 14360 --- [           main] com.zaxxer.hikari.HikariDataSource       : HikariPool-1 - Starting...
2025-09-03T02:21:55.874-04:00  INFO 14360 --- [           main] com.zaxxer.hikari.pool.HikariPool        : HikariPool-1 - Added connection org.postgresql.jdbc.PgConnection@5cbaafbd
2025-09-03T02:21:55.875-04:00  INFO 14360 --- [           main] com.zaxxer.hikari.HikariDataSource       : HikariPool-1 - Start completed.
2025-09-03T02:21:55.892-04:00  INFO 14360 --- [           main] org.flywaydb.core.FlywayExecutor         : Database: jdbc:postgresql://localhost:5432/statarbitrage (PostgreSQL 15.14)
2025-09-03T02:21:55.939-04:00  INFO 14360 --- [           main] o.f.core.internal.command.DbValidate     : Successfully validated 6 migrations (execution time 00:00.021s)
2025-09-03T02:21:55.971-04:00  INFO 14360 --- [           main] o.f.core.internal.command.DbMigrate      : Current version of schema "public": 6
2025-09-03T02:21:55.974-04:00  INFO 14360 --- [           main] o.f.core.internal.command.DbMigrate      : Schema "public" is up to date. No migration necessary.
2025-09-03T02:21:56.023-04:00  INFO 14360 --- [           main] o.hibernate.jpa.internal.util.LogHelper  : HHH000204: Processing PersistenceUnitInfo [name: default]
2025-09-03T02:21:56.057-04:00  INFO 14360 --- [           main] org.hibernate.Version                    : HHH000412: Hibernate ORM core version 6.6.15.Final
2025-09-03T02:21:56.076-04:00  INFO 14360 --- [           main] o.h.c.internal.RegionFactoryInitiator    : HHH000026: Second-level cache disabled
2025-09-03T02:21:56.210-04:00  INFO 14360 --- [           main] o.s.o.j.p.SpringPersistenceUnitInfo      : No LoadTimeWeaver setup: ignoring JPA class transformer
2025-09-03T02:21:56.242-04:00  WARN 14360 --- [           main] org.hibernate.orm.deprecation            : HHH90000025: PostgreSQLDialect does not need to be specified explicitly using 'hibernate.dialect' (remove the property setting and it will be selected by default)
2025-09-03T02:21:56.252-04:00  INFO 14360 --- [           main] org.hibernate.orm.connections.pooling    : HHH10001005: Database info:
	Database JDBC URL [Connecting through datasource 'HikariDataSource (HikariPool-1)']
	Database driver: undefined/unknown
	Database version: 15.14
	Autocommit mode: undefined/unknown
	Isolation level: undefined/unknown
	Minimum pool size: undefined/unknown
	Maximum pool size: undefined/unknown
2025-09-03T02:21:56.865-04:00  INFO 14360 --- [           main] o.h.e.t.j.p.i.JtaPlatformInitiator       : HHH000489: No JTA platform available (set 'hibernate.transaction.jta.platform' to enable JTA platform integration)
2025-09-03T02:21:56.866-04:00  INFO 14360 --- [           main] j.LocalContainerEntityManagerFactoryBean : Initialized JPA EntityManagerFactory for persistence unit 'default'
2025-09-03T02:21:57.133-04:00  INFO 14360 --- [           main] o.s.d.j.r.query.QueryEnhancerFactory     : Hibernate is in classpath; If applicable, HQL parser will be used.
2025-09-03T02:21:57.428-04:00  WARN 14360 --- [           main] JpaBaseConfiguration$JpaWebConfiguration : spring.jpa.open-in-view is enabled by default. Therefore, database queries may be performed during view rendering. Explicitly configure spring.jpa.open-in-view to disable this warning
2025-09-03T02:21:57.525-04:00  WARN 14360 --- [           main] c.e.c.t.p.RealOkxTradingProvider         : ⚠️ OKX API ключи не настроены
2025-09-03T02:21:57.525-04:00  WARN 14360 --- [           main] c.e.c.t.services.TradingProviderFactory  : ⚠️ Провайдер OKX API не подключен
2025-09-03T02:21:57.720-04:00  INFO 14360 --- [           main] c.e.core.ui.services.UIUpdateService     : Started periodic UI updates every 15 seconds
2025-09-03T02:21:57.721-04:00  INFO 14360 --- [           main] c.example.shared.config.MessagingConfig  : 📨 Messaging Configuration загружена
2025-09-03T02:21:58.108-04:00  INFO 14360 --- [           main] o.s.c.s.m.DirectWithAttributesChannel    : Channel 'core-service.cointegrationEventsConsumer-in-0' has 1 subscriber(s).
2025-09-03T02:21:58.226-04:00  INFO 14360 --- [           main] o.s.b.a.e.web.EndpointLinksResolver      : Exposing 3 endpoints beneath base path '/actuator'
2025-09-03T02:21:58.332-04:00  INFO 14360 --- [           main] org.atmosphere.cpr.AtmosphereFramework   : Installed AtmosphereHandler com.vaadin.flow.server.communication.PushAtmosphereHandler mapped to context-path: /*
2025-09-03T02:21:58.333-04:00  INFO 14360 --- [           main] org.atmosphere.cpr.AtmosphereFramework   : Installed the following AtmosphereInterceptor mapped to AtmosphereHandler com.vaadin.flow.server.communication.PushAtmosphereHandler
2025-09-03T02:21:58.352-04:00  INFO 14360 --- [           main] org.atmosphere.cpr.AtmosphereFramework   : Atmosphere is using org.atmosphere.util.VoidAnnotationProcessor for processing annotation
2025-09-03T02:21:58.356-04:00  INFO 14360 --- [           main] org.atmosphere.util.ForkJoinPool         : Using ForkJoinPool  java.util.concurrent.ForkJoinPool. Set the org.atmosphere.cpr.broadcaster.maxAsyncWriteThreads to -1 to fully use its power.
2025-09-03T02:21:58.359-04:00  INFO 14360 --- [           main] org.atmosphere.cpr.AtmosphereFramework   : Installed WebSocketProtocol org.atmosphere.websocket.protocol.SimpleHttpProtocol 
2025-09-03T02:21:58.361-04:00  INFO 14360 --- [           main] o.a.container.JSR356AsyncSupport         : JSR 356 Mapping path /VAADIN/push
2025-09-03T02:21:58.366-04:00  INFO 14360 --- [           main] org.atmosphere.cpr.AtmosphereFramework   : Installing Default AtmosphereInterceptors
2025-09-03T02:21:58.366-04:00  INFO 14360 --- [           main] org.atmosphere.cpr.AtmosphereFramework   : 	org.atmosphere.interceptor.CorsInterceptor : CORS Interceptor Support
2025-09-03T02:21:58.366-04:00  INFO 14360 --- [           main] org.atmosphere.cpr.AtmosphereFramework   : 	org.atmosphere.interceptor.CacheHeadersInterceptor : Default Response's Headers Interceptor
2025-09-03T02:21:58.367-04:00  INFO 14360 --- [           main] org.atmosphere.cpr.AtmosphereFramework   : 	org.atmosphere.interceptor.PaddingAtmosphereInterceptor : Browser Padding Interceptor Support
2025-09-03T02:21:58.367-04:00  INFO 14360 --- [           main] org.atmosphere.cpr.AtmosphereFramework   : 	org.atmosphere.interceptor.AndroidAtmosphereInterceptor : Android Interceptor Support
2025-09-03T02:21:58.367-04:00  INFO 14360 --- [           main] org.atmosphere.cpr.AtmosphereFramework   : 	org.atmosphere.interceptor.HeartbeatInterceptor : Heartbeat Interceptor Support
2025-09-03T02:21:58.367-04:00  INFO 14360 --- [           main] org.atmosphere.cpr.AtmosphereFramework   : 	org.atmosphere.interceptor.SSEAtmosphereInterceptor : SSE Interceptor Support
2025-09-03T02:21:58.367-04:00  INFO 14360 --- [           main] org.atmosphere.cpr.AtmosphereFramework   : 	org.atmosphere.interceptor.JSONPAtmosphereInterceptor : JSONP Interceptor Support
2025-09-03T02:21:58.368-04:00  INFO 14360 --- [           main] org.atmosphere.cpr.AtmosphereFramework   : 	org.atmosphere.interceptor.JavaScriptProtocol : Atmosphere JavaScript Protocol
2025-09-03T02:21:58.368-04:00  INFO 14360 --- [           main] org.atmosphere.cpr.AtmosphereFramework   : 	org.atmosphere.interceptor.WebSocketMessageSuspendInterceptor : org.atmosphere.interceptor.WebSocketMessageSuspendInterceptor
2025-09-03T02:21:58.368-04:00  INFO 14360 --- [           main] org.atmosphere.cpr.AtmosphereFramework   : 	org.atmosphere.interceptor.OnDisconnectInterceptor : Browser disconnection detection
2025-09-03T02:21:58.368-04:00  INFO 14360 --- [           main] org.atmosphere.cpr.AtmosphereFramework   : 	org.atmosphere.interceptor.IdleResourceInterceptor : org.atmosphere.interceptor.IdleResourceInterceptor
2025-09-03T02:21:58.368-04:00  INFO 14360 --- [           main] org.atmosphere.cpr.AtmosphereFramework   : Set org.atmosphere.cpr.AtmosphereInterceptor.disableDefaults to disable them.
2025-09-03T02:21:58.368-04:00  INFO 14360 --- [           main] org.atmosphere.cpr.AtmosphereFramework   : Installed AtmosphereInterceptor CORS Interceptor Support with priority FIRST_BEFORE_DEFAULT 
2025-09-03T02:21:58.368-04:00  INFO 14360 --- [           main] org.atmosphere.cpr.AtmosphereFramework   : Installed AtmosphereInterceptor Default Response's Headers Interceptor with priority AFTER_DEFAULT 
2025-09-03T02:21:58.369-04:00  INFO 14360 --- [           main] org.atmosphere.cpr.AtmosphereFramework   : Installed AtmosphereInterceptor Browser Padding Interceptor Support with priority AFTER_DEFAULT 
2025-09-03T02:21:58.369-04:00  INFO 14360 --- [           main] org.atmosphere.cpr.AtmosphereFramework   : Installed AtmosphereInterceptor Android Interceptor Support with priority AFTER_DEFAULT 
2025-09-03T02:21:58.369-04:00  INFO 14360 --- [           main] o.a.interceptor.HeartbeatInterceptor     : HeartbeatInterceptor configured with padding value 'X', client frequency 0 seconds and server frequency 60 seconds
2025-09-03T02:21:58.369-04:00  INFO 14360 --- [           main] org.atmosphere.cpr.AtmosphereFramework   : Installed AtmosphereInterceptor Heartbeat Interceptor Support with priority AFTER_DEFAULT 
2025-09-03T02:21:58.369-04:00  INFO 14360 --- [           main] org.atmosphere.cpr.AtmosphereFramework   : Installed AtmosphereInterceptor SSE Interceptor Support with priority AFTER_DEFAULT 
2025-09-03T02:21:58.369-04:00  INFO 14360 --- [           main] org.atmosphere.cpr.AtmosphereFramework   : Installed AtmosphereInterceptor JSONP Interceptor Support with priority AFTER_DEFAULT 
2025-09-03T02:21:58.369-04:00  INFO 14360 --- [           main] org.atmosphere.cpr.AtmosphereFramework   : Installed AtmosphereInterceptor Atmosphere JavaScript Protocol with priority AFTER_DEFAULT 
2025-09-03T02:21:58.369-04:00  INFO 14360 --- [           main] org.atmosphere.cpr.AtmosphereFramework   : Installed AtmosphereInterceptor org.atmosphere.interceptor.WebSocketMessageSuspendInterceptor with priority AFTER_DEFAULT 
2025-09-03T02:21:58.369-04:00  INFO 14360 --- [           main] org.atmosphere.cpr.AtmosphereFramework   : Installed AtmosphereInterceptor Browser disconnection detection with priority AFTER_DEFAULT 
2025-09-03T02:21:58.369-04:00  INFO 14360 --- [           main] org.atmosphere.cpr.AtmosphereFramework   : Installed AtmosphereInterceptor org.atmosphere.interceptor.IdleResourceInterceptor with priority BEFORE_DEFAULT 
2025-09-03T02:21:58.369-04:00  INFO 14360 --- [           main] org.atmosphere.cpr.AtmosphereFramework   : Using EndpointMapper class org.atmosphere.util.DefaultEndpointMapper
2025-09-03T02:21:58.369-04:00  INFO 14360 --- [           main] org.atmosphere.cpr.AtmosphereFramework   : Using BroadcasterCache: org.atmosphere.cache.UUIDBroadcasterCache
2025-09-03T02:21:58.369-04:00  INFO 14360 --- [           main] org.atmosphere.cpr.AtmosphereFramework   : Default Broadcaster Class: org.atmosphere.cpr.DefaultBroadcaster
2025-09-03T02:21:58.369-04:00  INFO 14360 --- [           main] org.atmosphere.cpr.AtmosphereFramework   : Broadcaster Shared List Resources: false
2025-09-03T02:21:58.369-04:00  INFO 14360 --- [           main] org.atmosphere.cpr.AtmosphereFramework   : Broadcaster Polling Wait Time 100
2025-09-03T02:21:58.369-04:00  INFO 14360 --- [           main] org.atmosphere.cpr.AtmosphereFramework   : Shared ExecutorService supported: true
2025-09-03T02:21:58.369-04:00  INFO 14360 --- [           main] org.atmosphere.cpr.AtmosphereFramework   : Messaging ExecutorService Pool Size unavailable - Not instance of ThreadPoolExecutor
2025-09-03T02:21:58.369-04:00  INFO 14360 --- [           main] org.atmosphere.cpr.AtmosphereFramework   : Async I/O Thread Pool Size: 200
2025-09-03T02:21:58.369-04:00  INFO 14360 --- [           main] org.atmosphere.cpr.AtmosphereFramework   : Using BroadcasterFactory: org.atmosphere.cpr.DefaultBroadcasterFactory
2025-09-03T02:21:58.369-04:00  INFO 14360 --- [           main] org.atmosphere.cpr.AtmosphereFramework   : Using AtmosphereResurceFactory: org.atmosphere.cpr.DefaultAtmosphereResourceFactory
2025-09-03T02:21:58.369-04:00  INFO 14360 --- [           main] org.atmosphere.cpr.AtmosphereFramework   : Using WebSocketProcessor: org.atmosphere.websocket.DefaultWebSocketProcessor
2025-09-03T02:21:58.370-04:00  INFO 14360 --- [           main] org.atmosphere.cpr.AtmosphereFramework   : Invoke AtmosphereInterceptor on WebSocket message true
2025-09-03T02:21:58.370-04:00  INFO 14360 --- [           main] org.atmosphere.cpr.AtmosphereFramework   : HttpSession supported: true
2025-09-03T02:21:58.370-04:00  INFO 14360 --- [           main] org.atmosphere.cpr.AtmosphereFramework   : Atmosphere is using org.atmosphere.inject.InjectableObjectFactory for dependency injection and object creation
2025-09-03T02:21:58.370-04:00  INFO 14360 --- [           main] org.atmosphere.cpr.AtmosphereFramework   : Atmosphere is using async support: org.atmosphere.container.JSR356AsyncSupport running under container: Apache Tomcat/10.1.41 using jakarta.servlet/3.0 and jsr356/WebSocket API
2025-09-03T02:21:58.370-04:00  INFO 14360 --- [           main] org.atmosphere.cpr.AtmosphereFramework   : Atmosphere Framework 3.0.4.slf4jvaadin1 started.
2025-09-03T02:21:58.372-04:00  INFO 14360 --- [           main] org.atmosphere.cpr.AtmosphereFramework   : Installed AtmosphereInterceptor  Track Message Size Interceptor using | with priority BEFORE_DEFAULT 
2025-09-03T02:21:58.392-04:00  INFO 14360 --- [           main] o.s.i.endpoint.EventDrivenConsumer       : Adding {logging-channel-adapter:_org.springframework.integration.errorLogger} as a subscriber to the 'errorChannel' channel
2025-09-03T02:21:58.392-04:00  INFO 14360 --- [           main] o.s.i.channel.PublishSubscribeChannel    : Channel 'core-service.errorChannel' has 1 subscriber(s).
2025-09-03T02:21:58.393-04:00  INFO 14360 --- [           main] o.s.i.endpoint.EventDrivenConsumer       : started bean '_org.springframework.integration.errorLogger'
2025-09-03T02:21:58.429-04:00  INFO 14360 --- [           main] c.v.f.s.DefaultDeploymentConfiguration   : 
Vaadin is running in DEVELOPMENT mode - do not use for production deployments.
2025-09-03T02:21:58.453-04:00  INFO 14360 --- [           main] o.s.b.w.embedded.tomcat.TomcatWebServer  : Tomcat started on port 8182 (http) with context path '/'
2025-09-03T02:21:58.458-04:00  INFO 14360 --- [           main] o.s.c.s.binder.DefaultBinderFactory      : Creating binder: rabbit
2025-09-03T02:21:58.458-04:00  INFO 14360 --- [           main] o.s.c.s.binder.DefaultBinderFactory      : Constructing binder child context for rabbit
2025-09-03T02:21:58.556-04:00  INFO 14360 --- [           main] o.s.c.s.binder.DefaultBinderFactory      : Caching the binder: rabbit
2025-09-03T02:21:58.564-04:00  INFO 14360 --- [           main] c.s.b.r.p.RabbitExchangeQueueProvisioner : declaring queue for inbound: cointegration.events.core-group, bound to: cointegration.events
2025-09-03T02:21:58.567-04:00  INFO 14360 --- [           main] o.s.a.r.c.CachingConnectionFactory       : Attempting to connect to: [localhost:5672]
2025-09-03T02:21:58.606-04:00  INFO 14360 --- [           main] o.s.a.r.c.CachingConnectionFactory       : Created new connection: rabbitConnectionFactory#eb2f0ab:0/SimpleConnection@6e0bfba8 [delegate=amqp://admin@127.0.0.1:5672/, localPort=60642]
2025-09-03T02:21:58.637-04:00  INFO 14360 --- [           main] o.s.c.stream.binder.BinderErrorChannel   : Channel 'rabbit-1663629689.cointegrationEventsConsumer-in-0.errors' has 1 subscriber(s).
2025-09-03T02:21:58.638-04:00  INFO 14360 --- [           main] o.s.c.stream.binder.BinderErrorChannel   : Channel 'rabbit-1663629689.cointegrationEventsConsumer-in-0.errors' has 2 subscriber(s).
2025-09-03T02:21:58.651-04:00  INFO 14360 --- [           main] o.s.i.a.i.AmqpInboundChannelAdapter      : started bean 'inbound.cointegration.events.core-group'
2025-09-03T02:21:58.669-04:00 ERROR 14360 --- [   scheduling-1] c.e.c.services.PortfolioHistoryService   : ❌ Ошибка при сохранении снапшота портфолио
java.lang.NullPointerException: Cannot invoke "com.example.core.trading.interfaces.TradingProvider.getPortfolio()" because "provider" is null
	at com.example.core.trading.services.TradingIntegrationServiceImpl.getPortfolioInfo(TradingIntegrationServiceImpl.java:296)
	at com.example.core.services.PortfolioHistoryService.saveCurrentPortfolioSnapshot(PortfolioHistoryService.java:33)
	at com.example.core.services.PortfolioHistoryService.schedulePortfolioSnapshot(PortfolioHistoryService.java:57)
	at java.base/jdk.internal.reflect.NativeMethodAccessorImpl.invoke0(Native Method)
	at java.base/jdk.internal.reflect.NativeMethodAccessorImpl.invoke(NativeMethodAccessorImpl.java:77)
	at java.base/jdk.internal.reflect.DelegatingMethodAccessorImpl.invoke(DelegatingMethodAccessorImpl.java:43)
	at java.base/java.lang.reflect.Method.invoke(Method.java:568)
	at org.springframework.scheduling.support.ScheduledMethodRunnable.runInternal(ScheduledMethodRunnable.java:130)
	at org.springframework.scheduling.support.ScheduledMethodRunnable.lambda$run$2(ScheduledMethodRunnable.java:124)
	at io.micrometer.observation.Observation.observe(Observation.java:498)
	at org.springframework.scheduling.support.ScheduledMethodRunnable.run(ScheduledMethodRunnable.java:124)
	at org.springframework.scheduling.config.Task$OutcomeTrackingRunnable.run(Task.java:85)
	at org.springframework.scheduling.support.DelegatingErrorHandlingRunnable.run(DelegatingErrorHandlingRunnable.java:54)
	at java.base/java.util.concurrent.Executors$RunnableAdapter.call(Executors.java:539)
	at java.base/java.util.concurrent.FutureTask.runAndReset(FutureTask.java:305)
	at java.base/java.util.concurrent.ScheduledThreadPoolExecutor$ScheduledFutureTask.run(ScheduledThreadPoolExecutor.java:305)
	at java.base/java.util.concurrent.ThreadPoolExecutor.runWorker(ThreadPoolExecutor.java:1136)
	at java.base/java.util.concurrent.ThreadPoolExecutor$Worker.run(ThreadPoolExecutor.java:635)
	at java.base/java.lang.Thread.run(Thread.java:840)
2025-09-03T02:21:58.679-04:00  INFO 14360 --- [           main] com.example.core.CoreApplication         : Started CoreApplication in 5.506 seconds (process running for 5.809)
2025-09-03T02:22:00.503-04:00  INFO 14360 --- [           main] com.example.core.CoreApplication         : ✅ Геолокация при запуске: безопасно для OKX
2025-09-03T02:22:00.565-04:00  INFO 14360 --- [           main] c.e.c.c.CointegrationApiHealthCheck      : ✅ API коинтеграции в норме
2025-09-03T02:22:00.656-04:00  INFO 14360 --- [           main] com.example.core.CoreApplication         : ✅ Интеграционный тест API коинтеграции прошел успешно
2025-09-03T02:22:00.792-04:00  INFO 14360 --- [           main] c.e.c.processors.UpdateTradeProcessor    : 
2025-09-03T02:22:00.793-04:00  INFO 14360 --- [           main] c.e.c.processors.UpdateTradeProcessor    : 🔄 Обновление пары LPT-USDT-SWAP/MAGIC-USDT-SWAP...
2025-09-03T02:22:00.829-04:00 ERROR 14360 --- [           main] o.s.boot.SpringApplication               : Application run failed
java.lang.NullPointerException: Cannot invoke "com.example.core.trading.interfaces.TradingProvider.updatePositionPrices(java.util.List)" because "provider" is null
	at com.example.core.processors.UpdateTradeProcessor.updateTrade(UpdateTradeProcessor.java:87)
	at java.base/jdk.internal.reflect.NativeMethodAccessorImpl.invoke0(Native Method)
	at java.base/jdk.internal.reflect.NativeMethodAccessorImpl.invoke(NativeMethodAccessorImpl.java:77)
	at java.base/jdk.internal.reflect.DelegatingMethodAccessorImpl.invoke(DelegatingMethodAccessorImpl.java:43)
	at java.base/java.lang.reflect.Method.invoke(Method.java:568)
	at org.springframework.aop.support.AopUtils.invokeJoinpointUsingReflection(AopUtils.java:359)
	at org.springframework.aop.framework.ReflectiveMethodInvocation.invokeJoinpoint(ReflectiveMethodInvocation.java:196)
	at org.springframework.aop.framework.ReflectiveMethodInvocation.proceed(ReflectiveMethodInvocation.java:163)
	at org.springframework.transaction.interceptor.TransactionAspectSupport.invokeWithinTransaction(TransactionAspectSupport.java:380)
	at org.springframework.transaction.interceptor.TransactionInterceptor.invoke(TransactionInterceptor.java:119)
	at org.springframework.aop.framework.ReflectiveMethodInvocation.proceed(ReflectiveMethodInvocation.java:184)
	at org.springframework.aop.framework.CglibAopProxy$DynamicAdvisedInterceptor.intercept(CglibAopProxy.java:728)
	at com.example.core.processors.UpdateTradeProcessor$$SpringCGLIB$$0.updateTrade(<generated>)
	at com.example.core.CoreApplication.lambda$updateTradingPairsAfterRestart$0(CoreApplication.java:75)
	at java.base/java.util.ArrayList.forEach(ArrayList.java:1511)
	at com.example.core.CoreApplication.updateTradingPairsAfterRestart(CoreApplication.java:75)
	at com.example.core.CoreApplication.onApplicationReady(CoreApplication.java:69)
	at java.base/jdk.internal.reflect.NativeMethodAccessorImpl.invoke0(Native Method)
	at java.base/jdk.internal.reflect.NativeMethodAccessorImpl.invoke(NativeMethodAccessorImpl.java:77)
	at java.base/jdk.internal.reflect.DelegatingMethodAccessorImpl.invoke(DelegatingMethodAccessorImpl.java:43)
	at java.base/java.lang.reflect.Method.invoke(Method.java:568)
	at org.springframework.context.event.ApplicationListenerMethodAdapter.doInvoke(ApplicationListenerMethodAdapter.java:382)
	at org.springframework.context.event.ApplicationListenerMethodAdapter.processEvent(ApplicationListenerMethodAdapter.java:254)
	at org.springframework.context.event.ApplicationListenerMethodAdapter.onApplicationEvent(ApplicationListenerMethodAdapter.java:173)
	at org.springframework.context.event.SimpleApplicationEventMulticaster.doInvokeListener(SimpleApplicationEventMulticaster.java:185)
	at org.springframework.context.event.SimpleApplicationEventMulticaster.invokeListener(SimpleApplicationEventMulticaster.java:178)
	at org.springframework.context.event.SimpleApplicationEventMulticaster.multicastEvent(SimpleApplicationEventMulticaster.java:156)
	at org.springframework.context.support.AbstractApplicationContext.publishEvent(AbstractApplicationContext.java:454)
	at org.springframework.context.support.AbstractApplicationContext.publishEvent(AbstractApplicationContext.java:387)
	at org.springframework.boot.context.event.EventPublishingRunListener.ready(EventPublishingRunListener.java:109)
	at org.springframework.boot.SpringApplicationRunListeners.lambda$ready$6(SpringApplicationRunListeners.java:80)
	at java.base/java.lang.Iterable.forEach(Iterable.java:75)
	at org.springframework.boot.SpringApplicationRunListeners.doWithListeners(SpringApplicationRunListeners.java:118)
	at org.springframework.boot.SpringApplicationRunListeners.doWithListeners(SpringApplicationRunListeners.java:112)
	at org.springframework.boot.SpringApplicationRunListeners.ready(SpringApplicationRunListeners.java:80)
	at org.springframework.boot.SpringApplication.run(SpringApplication.java:332)
	at org.springframework.boot.SpringApplication.run(SpringApplication.java:1362)
	at org.springframework.boot.SpringApplication.run(SpringApplication.java:1351)
	at com.example.core.CoreApplication.main(CoreApplication.java:54)
2025-09-03T02:22:00.840-04:00  INFO 14360 --- [           main] o.s.a.r.l.SimpleMessageListenerContainer : Waiting for workers to finish.
2025-09-03T02:22:01.663-04:00  INFO 14360 --- [           main] o.s.a.r.l.SimpleMessageListenerContainer : Successfully waited for workers to finish.
2025-09-03T02:22:01.667-04:00  INFO 14360 --- [           main] o.s.i.a.i.AmqpInboundChannelAdapter      : stopped bean 'inbound.cointegration.events.core-group'
2025-09-03T02:22:01.692-04:00  INFO 14360 --- [           main] o.s.c.stream.binder.BinderErrorChannel   : Channel 'core-service.rabbit-1663629689.cointegrationEventsConsumer-in-0.errors' has 1 subscriber(s).
2025-09-03T02:22:01.693-04:00  INFO 14360 --- [           main] o.s.c.stream.binder.BinderErrorChannel   : Channel 'core-service.rabbit-1663629689.cointegrationEventsConsumer-in-0.errors' has 0 subscriber(s).
2025-09-03T02:22:01.694-04:00  INFO 14360 --- [           main] o.s.b.w.e.tomcat.GracefulShutdown        : Commencing graceful shutdown. Waiting for active requests to complete
2025-09-03T02:22:01.697-04:00  INFO 14360 --- [tomcat-shutdown] o.s.b.w.e.tomcat.GracefulShutdown        : Graceful shutdown complete
2025-09-03T02:22:01.730-04:00  INFO 14360 --- [           main] o.s.i.endpoint.EventDrivenConsumer       : Removing {logging-channel-adapter:_org.springframework.integration.errorLogger} as a subscriber to the 'errorChannel' channel
2025-09-03T02:22:01.730-04:00  INFO 14360 --- [           main] o.s.i.channel.PublishSubscribeChannel    : Channel 'core-service.errorChannel' has 0 subscriber(s).
2025-09-03T02:22:01.730-04:00  INFO 14360 --- [           main] o.s.i.endpoint.EventDrivenConsumer       : stopped bean '_org.springframework.integration.errorLogger'
2025-09-03T02:22:01.739-04:00  INFO 14360 --- [           main] j.LocalContainerEntityManagerFactoryBean : Closing JPA EntityManagerFactory for persistence unit 'default'
2025-09-03T02:22:01.741-04:00  INFO 14360 --- [           main] com.zaxxer.hikari.HikariDataSource       : HikariPool-1 - Shutdown initiated...
2025-09-03T02:22:01.742-04:00  INFO 14360 --- [           main] com.zaxxer.hikari.HikariDataSource       : HikariPool-1 - Shutdown completed.
