2025-08-31 01:56:07.912 [kground-preinit] INFO  o.h.validator.internal.util.Version      : HV000001: Hibernate Validator 8.0.2.Final
2025-08-31 01:56:07.961 [           main] INFO  com.example.core.CoreApplication         : Starting CoreApplication using Java 21.0.6 with PID 27369 (/Users/igorkhilkevich/IdeaProjects/statarbitrage/microservices/core/target/classes started by igorkhilkevich in /Users/igorkhilkevich/IdeaProjects/statarbitrage/microservices)
2025-08-31 01:56:07.961 [           main] INFO  com.example.core.CoreApplication         : The following 1 profile is active: "default"
2025-08-31 01:56:08.450 [           main] INFO  .s.d.r.c.RepositoryConfigurationDelegate : Bootstrapping Spring Data JPA repositories in DEFAULT mode.
2025-08-31 01:56:08.619 [           main] INFO  .s.d.r.c.RepositoryConfigurationDelegate : Finished Spring Data repository scanning in 162 ms. Found 6 JPA repository interfaces.
2025-08-31 01:56:09.076 [           main] INFO  faultConfiguringBeanFactoryPostProcessor : No bean named 'errorChannel' has been explicitly defined. Therefore, a default PublishSubscribeChannel will be created.
2025-08-31 01:56:09.080 [           main] INFO  faultConfiguringBeanFactoryPostProcessor : No bean named 'integrationHeaderChannelRegistry' has been explicitly defined. Therefore, a default DefaultHeaderChannelRegistry will be created.
2025-08-31 01:56:09.147 [           main] INFO  o.s.cloud.context.scope.GenericScope     : BeanFactory id=38085f24-5dba-388b-a336-eff96e874587
2025-08-31 01:56:09.405 [           main] INFO  o.s.b.w.embedded.tomcat.TomcatWebServer  : Tomcat initialized with port 8181 (http)
2025-08-31 01:56:09.412 [           main] INFO  o.a.coyote.http11.Http11NioProtocol      : Initializing ProtocolHandler ["http-nio-8181"]
2025-08-31 01:56:09.412 [           main] INFO  o.apache.catalina.core.StandardService   : Starting service [Tomcat]
2025-08-31 01:56:09.413 [           main] INFO  o.apache.catalina.core.StandardEngine    : Starting Servlet engine: [Apache Tomcat/10.1.41]
2025-08-31 01:56:09.445 [           main] INFO  o.a.c.c.C.[Tomcat].[localhost].[/]       : Initializing Spring embedded WebApplicationContext
2025-08-31 01:56:09.445 [           main] INFO  w.s.c.ServletWebServerApplicationContext : Root WebApplicationContext: initialization completed in 1428 ms
2025-08-31 01:56:09.783 [           main] INFO  c.v.f.s.VaadinServletContextInitializer  : Search for subclasses and classes with annotations took 132 ms
2025-08-31 01:56:10.155 [           main] INFO  c.v.b.d.startup.DevModeStartupListener   : Starting dev-mode updaters in /Users/igorkhilkevich/IdeaProjects/statarbitrage/microservices/core folder.
2025-08-31 01:56:10.175 [           main] INFO  c.v.f.s.f.s.FullDependenciesScanner      : Visited 108 classes. Took 11 ms.
2025-08-31 01:56:10.176 [           main] INFO  c.v.f.s.frontend.BundleValidationUtil    : Checking if a development mode bundle build is needed
2025-08-31 01:56:10.281 [           main] INFO  c.v.f.s.frontend.BundleValidationUtil    : A development mode bundle build is not needed
2025-08-31 01:56:10.295 [onPool-worker-1] INFO  c.v.f.s.frontend.TaskCopyFrontendFiles   : Copying frontend resources from jar files ...
2025-08-31 01:56:10.317 [onPool-worker-1] INFO  c.v.f.s.frontend.TaskCopyFrontendFiles   : Visited 18 resources. Took 22 ms.
2025-08-31 01:56:10.434 [           main] INFO  com.zaxxer.hikari.HikariDataSource       : HikariPool-1 - Starting...
2025-08-31 01:56:10.534 [           main] INFO  com.zaxxer.hikari.pool.HikariPool        : HikariPool-1 - Added connection org.postgresql.jdbc.PgConnection@1d160161
2025-08-31 01:56:10.534 [           main] INFO  com.zaxxer.hikari.HikariDataSource       : HikariPool-1 - Start completed.
2025-08-31 01:56:10.551 [           main] INFO  org.flywaydb.core.FlywayExecutor         : Database: jdbc:postgresql://localhost:5432/statarbitrage (PostgreSQL 15.14)
2025-08-31 01:56:10.588 [           main] INFO  o.f.core.internal.command.DbValidate     : Successfully validated 1 migration (execution time 00:00.017s)
2025-08-31 01:56:10.619 [           main] INFO  o.f.core.internal.command.DbMigrate      : Current version of schema "public": 1
2025-08-31 01:56:10.620 [           main] INFO  o.f.core.internal.command.DbMigrate      : Schema "public" is up to date. No migration necessary.
2025-08-31 01:56:10.682 [           main] INFO  o.hibernate.jpa.internal.util.LogHelper  : HHH000204: Processing PersistenceUnitInfo [name: default]
2025-08-31 01:56:10.717 [           main] INFO  org.hibernate.Version                    : HHH000412: Hibernate ORM core version 6.6.15.Final
2025-08-31 01:56:10.737 [           main] INFO  o.h.c.internal.RegionFactoryInitiator    : HHH000026: Second-level cache disabled
2025-08-31 01:56:10.853 [           main] INFO  o.s.o.j.p.SpringPersistenceUnitInfo      : No LoadTimeWeaver setup: ignoring JPA class transformer
2025-08-31 01:56:10.884 [           main] WARN  org.hibernate.orm.deprecation            : HHH90000025: PostgreSQLDialect does not need to be specified explicitly using 'hibernate.dialect' (remove the property setting and it will be selected by default)
2025-08-31 01:56:10.892 [           main] INFO  org.hibernate.orm.connections.pooling    : HHH10001005: Database info:
	Database JDBC URL [Connecting through datasource 'HikariDataSource (HikariPool-1)']
	Database driver: undefined/unknown
	Database version: 15.14
	Autocommit mode: undefined/unknown
	Isolation level: undefined/unknown
	Minimum pool size: undefined/unknown
	Maximum pool size: undefined/unknown
2025-08-31 01:56:11.494 [           main] INFO  o.h.e.t.j.p.i.JtaPlatformInitiator       : HHH000489: No JTA platform available (set 'hibernate.transaction.jta.platform' to enable JTA platform integration)
2025-08-31 01:56:11.495 [           main] INFO  j.LocalContainerEntityManagerFactoryBean : Initialized JPA EntityManagerFactory for persistence unit 'default'
2025-08-31 01:56:11.775 [           main] INFO  o.s.d.j.r.query.QueryEnhancerFactory     : Hibernate is in classpath; If applicable, HQL parser will be used.
2025-08-31 01:56:12.106 [           main] WARN  JpaBaseConfiguration$JpaWebConfiguration : spring.jpa.open-in-view is enabled by default. Therefore, database queries may be performed during view rendering. Explicitly configure spring.jpa.open-in-view to disable this warning
2025-08-31 01:56:13.643 [           main] INFO  c.e.c.t.services.TradingProviderFactory  : ✅ Переключились на провайдер: OKX API
2025-08-31 01:56:13.845 [           main] INFO  c.e.core.ui.services.UIUpdateService     : Started periodic UI updates every 15 seconds
2025-08-31 01:56:13.846 [           main] INFO  c.example.shared.config.MessagingConfig  : 📨 Messaging Configuration загружена
2025-08-31 01:56:14.216 [           main] INFO  o.s.c.s.m.DirectWithAttributesChannel    : Channel 'core-service.cointegrationEventsConsumer-in-0' has 1 subscriber(s).
2025-08-31 01:56:14.329 [           main] INFO  o.s.b.a.e.web.EndpointLinksResolver      : Exposing 3 endpoints beneath base path '/actuator'
2025-08-31 01:56:14.418 [           main] INFO  org.atmosphere.cpr.AtmosphereFramework   : Installed AtmosphereHandler com.vaadin.flow.server.communication.PushAtmosphereHandler mapped to context-path: /*
2025-08-31 01:56:14.418 [           main] INFO  org.atmosphere.cpr.AtmosphereFramework   : Installed the following AtmosphereInterceptor mapped to AtmosphereHandler com.vaadin.flow.server.communication.PushAtmosphereHandler
2025-08-31 01:56:14.444 [           main] INFO  org.atmosphere.cpr.AtmosphereFramework   : Atmosphere is using org.atmosphere.util.VoidAnnotationProcessor for processing annotation
2025-08-31 01:56:14.450 [           main] INFO  org.atmosphere.util.ForkJoinPool         : Using ForkJoinPool  java.util.concurrent.ForkJoinPool. Set the org.atmosphere.cpr.broadcaster.maxAsyncWriteThreads to -1 to fully use its power.
2025-08-31 01:56:14.455 [           main] INFO  org.atmosphere.cpr.AtmosphereFramework   : Installed WebSocketProtocol org.atmosphere.websocket.protocol.SimpleHttpProtocol 
2025-08-31 01:56:14.458 [           main] INFO  o.a.container.JSR356AsyncSupport         : JSR 356 Mapping path /VAADIN/push
2025-08-31 01:56:14.463 [           main] INFO  org.atmosphere.cpr.AtmosphereFramework   : Installing Default AtmosphereInterceptors
2025-08-31 01:56:14.464 [           main] INFO  org.atmosphere.cpr.AtmosphereFramework   : 	org.atmosphere.interceptor.CorsInterceptor : CORS Interceptor Support
2025-08-31 01:56:14.464 [           main] INFO  org.atmosphere.cpr.AtmosphereFramework   : 	org.atmosphere.interceptor.CacheHeadersInterceptor : Default Response's Headers Interceptor
2025-08-31 01:56:14.464 [           main] INFO  org.atmosphere.cpr.AtmosphereFramework   : 	org.atmosphere.interceptor.PaddingAtmosphereInterceptor : Browser Padding Interceptor Support
2025-08-31 01:56:14.464 [           main] INFO  org.atmosphere.cpr.AtmosphereFramework   : 	org.atmosphere.interceptor.AndroidAtmosphereInterceptor : Android Interceptor Support
2025-08-31 01:56:14.464 [           main] INFO  org.atmosphere.cpr.AtmosphereFramework   : 	org.atmosphere.interceptor.HeartbeatInterceptor : Heartbeat Interceptor Support
2025-08-31 01:56:14.465 [           main] INFO  org.atmosphere.cpr.AtmosphereFramework   : 	org.atmosphere.interceptor.SSEAtmosphereInterceptor : SSE Interceptor Support
2025-08-31 01:56:14.465 [           main] INFO  org.atmosphere.cpr.AtmosphereFramework   : 	org.atmosphere.interceptor.JSONPAtmosphereInterceptor : JSONP Interceptor Support
2025-08-31 01:56:14.465 [           main] INFO  org.atmosphere.cpr.AtmosphereFramework   : 	org.atmosphere.interceptor.JavaScriptProtocol : Atmosphere JavaScript Protocol
2025-08-31 01:56:14.465 [           main] INFO  org.atmosphere.cpr.AtmosphereFramework   : 	org.atmosphere.interceptor.WebSocketMessageSuspendInterceptor : org.atmosphere.interceptor.WebSocketMessageSuspendInterceptor
2025-08-31 01:56:14.465 [           main] INFO  org.atmosphere.cpr.AtmosphereFramework   : 	org.atmosphere.interceptor.OnDisconnectInterceptor : Browser disconnection detection
2025-08-31 01:56:14.465 [           main] INFO  org.atmosphere.cpr.AtmosphereFramework   : 	org.atmosphere.interceptor.IdleResourceInterceptor : org.atmosphere.interceptor.IdleResourceInterceptor
2025-08-31 01:56:14.465 [           main] INFO  org.atmosphere.cpr.AtmosphereFramework   : Set org.atmosphere.cpr.AtmosphereInterceptor.disableDefaults to disable them.
2025-08-31 01:56:14.465 [           main] INFO  org.atmosphere.cpr.AtmosphereFramework   : Installed AtmosphereInterceptor CORS Interceptor Support with priority FIRST_BEFORE_DEFAULT 
2025-08-31 01:56:14.466 [           main] INFO  org.atmosphere.cpr.AtmosphereFramework   : Installed AtmosphereInterceptor Default Response's Headers Interceptor with priority AFTER_DEFAULT 
2025-08-31 01:56:14.466 [           main] INFO  org.atmosphere.cpr.AtmosphereFramework   : Installed AtmosphereInterceptor Browser Padding Interceptor Support with priority AFTER_DEFAULT 
2025-08-31 01:56:14.466 [           main] INFO  org.atmosphere.cpr.AtmosphereFramework   : Installed AtmosphereInterceptor Android Interceptor Support with priority AFTER_DEFAULT 
2025-08-31 01:56:14.466 [           main] INFO  o.a.interceptor.HeartbeatInterceptor     : HeartbeatInterceptor configured with padding value 'X', client frequency 0 seconds and server frequency 60 seconds
2025-08-31 01:56:14.466 [           main] INFO  org.atmosphere.cpr.AtmosphereFramework   : Installed AtmosphereInterceptor Heartbeat Interceptor Support with priority AFTER_DEFAULT 
2025-08-31 01:56:14.466 [           main] INFO  org.atmosphere.cpr.AtmosphereFramework   : Installed AtmosphereInterceptor SSE Interceptor Support with priority AFTER_DEFAULT 
2025-08-31 01:56:14.466 [           main] INFO  org.atmosphere.cpr.AtmosphereFramework   : Installed AtmosphereInterceptor JSONP Interceptor Support with priority AFTER_DEFAULT 
2025-08-31 01:56:14.466 [           main] INFO  org.atmosphere.cpr.AtmosphereFramework   : Installed AtmosphereInterceptor Atmosphere JavaScript Protocol with priority AFTER_DEFAULT 
2025-08-31 01:56:14.466 [           main] INFO  org.atmosphere.cpr.AtmosphereFramework   : Installed AtmosphereInterceptor org.atmosphere.interceptor.WebSocketMessageSuspendInterceptor with priority AFTER_DEFAULT 
2025-08-31 01:56:14.466 [           main] INFO  org.atmosphere.cpr.AtmosphereFramework   : Installed AtmosphereInterceptor Browser disconnection detection with priority AFTER_DEFAULT 
2025-08-31 01:56:14.466 [           main] INFO  org.atmosphere.cpr.AtmosphereFramework   : Installed AtmosphereInterceptor org.atmosphere.interceptor.IdleResourceInterceptor with priority BEFORE_DEFAULT 
2025-08-31 01:56:14.466 [           main] INFO  org.atmosphere.cpr.AtmosphereFramework   : Using EndpointMapper class org.atmosphere.util.DefaultEndpointMapper
2025-08-31 01:56:14.466 [           main] INFO  org.atmosphere.cpr.AtmosphereFramework   : Using BroadcasterCache: org.atmosphere.cache.UUIDBroadcasterCache
2025-08-31 01:56:14.466 [           main] INFO  org.atmosphere.cpr.AtmosphereFramework   : Default Broadcaster Class: org.atmosphere.cpr.DefaultBroadcaster
2025-08-31 01:56:14.466 [           main] INFO  org.atmosphere.cpr.AtmosphereFramework   : Broadcaster Shared List Resources: false
2025-08-31 01:56:14.466 [           main] INFO  org.atmosphere.cpr.AtmosphereFramework   : Broadcaster Polling Wait Time 100
2025-08-31 01:56:14.466 [           main] INFO  org.atmosphere.cpr.AtmosphereFramework   : Shared ExecutorService supported: true
2025-08-31 01:56:14.466 [           main] INFO  org.atmosphere.cpr.AtmosphereFramework   : Messaging ExecutorService Pool Size unavailable - Not instance of ThreadPoolExecutor
2025-08-31 01:56:14.466 [           main] INFO  org.atmosphere.cpr.AtmosphereFramework   : Async I/O Thread Pool Size: 200
2025-08-31 01:56:14.466 [           main] INFO  org.atmosphere.cpr.AtmosphereFramework   : Using BroadcasterFactory: org.atmosphere.cpr.DefaultBroadcasterFactory
2025-08-31 01:56:14.466 [           main] INFO  org.atmosphere.cpr.AtmosphereFramework   : Using AtmosphereResurceFactory: org.atmosphere.cpr.DefaultAtmosphereResourceFactory
2025-08-31 01:56:14.466 [           main] INFO  org.atmosphere.cpr.AtmosphereFramework   : Using WebSocketProcessor: org.atmosphere.websocket.DefaultWebSocketProcessor
2025-08-31 01:56:14.467 [           main] INFO  org.atmosphere.cpr.AtmosphereFramework   : Invoke AtmosphereInterceptor on WebSocket message true
2025-08-31 01:56:14.467 [           main] INFO  org.atmosphere.cpr.AtmosphereFramework   : HttpSession supported: true
2025-08-31 01:56:14.467 [           main] INFO  org.atmosphere.cpr.AtmosphereFramework   : Atmosphere is using org.atmosphere.inject.InjectableObjectFactory for dependency injection and object creation
2025-08-31 01:56:14.467 [           main] INFO  org.atmosphere.cpr.AtmosphereFramework   : Atmosphere is using async support: org.atmosphere.container.JSR356AsyncSupport running under container: Apache Tomcat/10.1.41 using jakarta.servlet/3.0 and jsr356/WebSocket API
2025-08-31 01:56:14.467 [           main] INFO  org.atmosphere.cpr.AtmosphereFramework   : Atmosphere Framework 3.0.4.slf4jvaadin1 started.
2025-08-31 01:56:14.470 [           main] INFO  org.atmosphere.cpr.AtmosphereFramework   : Installed AtmosphereInterceptor  Track Message Size Interceptor using | with priority BEFORE_DEFAULT 
2025-08-31 01:56:14.504 [           main] INFO  figuration$IntegrationJmxConfiguration$1 : Registering MessageChannel errorChannel
2025-08-31 01:56:14.507 [           main] INFO  figuration$IntegrationJmxConfiguration$1 : Registering MessageChannel cointegrationEventsConsumer-in-0
2025-08-31 01:56:14.509 [           main] INFO  figuration$IntegrationJmxConfiguration$1 : Registering MessageChannel nullChannel
2025-08-31 01:56:14.514 [           main] INFO  figuration$IntegrationJmxConfiguration$1 : Registering MessageHandler _org.springframework.integration.errorLogger
2025-08-31 01:56:14.517 [           main] INFO  o.s.i.endpoint.EventDrivenConsumer       : Adding {logging-channel-adapter:_org.springframework.integration.errorLogger} as a subscriber to the 'errorChannel' channel
2025-08-31 01:56:14.518 [           main] INFO  o.s.i.channel.PublishSubscribeChannel    : Channel 'core-service.errorChannel' has 1 subscriber(s).
2025-08-31 01:56:14.518 [           main] INFO  o.s.i.endpoint.EventDrivenConsumer       : started bean '_org.springframework.integration.errorLogger'
2025-08-31 01:56:14.542 [           main] INFO  o.a.coyote.http11.Http11NioProtocol      : Starting ProtocolHandler ["http-nio-8181"]
2025-08-31 01:56:14.553 [           main] INFO  c.v.f.s.DefaultDeploymentConfiguration   : 
Vaadin is running in DEVELOPMENT mode - do not use for production deployments.
2025-08-31 01:56:14.573 [           main] INFO  o.s.b.w.embedded.tomcat.TomcatWebServer  : Tomcat started on port 8181 (http) with context path '/'
2025-08-31 01:56:14.578 [           main] INFO  o.s.c.s.binder.DefaultBinderFactory      : Creating binder: rabbit
2025-08-31 01:56:14.578 [           main] INFO  o.s.c.s.binder.DefaultBinderFactory      : Constructing binder child context for rabbit
2025-08-31 01:56:14.677 [           main] INFO  o.s.c.s.binder.DefaultBinderFactory      : Caching the binder: rabbit
2025-08-31 01:56:14.693 [           main] INFO  c.s.b.r.p.RabbitExchangeQueueProvisioner : declaring queue for inbound: cointegration.events.core-group, bound to: cointegration.events
2025-08-31 01:56:14.698 [           main] INFO  o.s.a.r.c.CachingConnectionFactory       : Attempting to connect to: [localhost:5672]
2025-08-31 01:56:14.759 [           main] INFO  o.s.a.r.c.CachingConnectionFactory       : Created new connection: rabbitConnectionFactory#2485325:0/SimpleConnection@3c2e5cb6 [delegate=amqp://admin@127.0.0.1:5672/, localPort=49468]
2025-08-31 01:56:14.794 [           main] INFO  o.s.c.stream.binder.BinderErrorChannel   : Channel 'rabbit-840051411.cointegrationEventsConsumer-in-0.errors' has 1 subscriber(s).
2025-08-31 01:56:14.794 [           main] INFO  o.s.c.stream.binder.BinderErrorChannel   : Channel 'rabbit-840051411.cointegrationEventsConsumer-in-0.errors' has 2 subscriber(s).
2025-08-31 01:56:14.805 [           main] INFO  o.s.i.a.i.AmqpInboundChannelAdapter      : started bean 'inbound.cointegration.events.core-group'
2025-08-31 01:56:14.837 [           main] INFO  figuration$IntegrationJmxConfiguration$1 : Registering MessageChannel rabbit-840051411.cointegrationEventsConsumer-in-0.errors
2025-08-31 01:56:14.846 [           main] INFO  com.example.core.CoreApplication         : Started CoreApplication in 7.728 seconds (process running for 8.305)
2025-08-31 01:56:15.049 [-192.168.60.112] INFO  o.a.c.c.C.[Tomcat].[localhost].[/]       : Initializing Spring DispatcherServlet 'dispatcherServlet'
2025-08-31 01:56:15.049 [-192.168.60.112] INFO  o.s.web.servlet.DispatcherServlet        : Initializing Servlet 'dispatcherServlet'
2025-08-31 01:56:15.051 [-192.168.60.112] INFO  o.s.web.servlet.DispatcherServlet        : Completed initialization in 2 ms
2025-08-31 01:56:15.116 [           main] INFO  com.example.core.CoreApplication         : ✅ Геолокация при запуске: безопасно для OKX
2025-08-31 01:56:15.208 [           main] INFO  c.e.c.c.CointegrationApiHealthCheck      : ✅ API коинтеграции в норме
2025-08-31 01:56:15.330 [           main] INFO  com.example.core.CoreApplication         : ✅ Интеграционный тест API коинтеграции прошел успешно
2025-08-31 01:56:15.462 [           main] INFO  c.e.c.processors.UpdateTradeProcessor    : 
2025-08-31 01:56:15.463 [           main] INFO  c.e.c.processors.UpdateTradeProcessor    : 🔄 Обновление пары AR-USDT-SWAP/AXS-USDT-SWAP...
2025-08-31 01:56:18.519 [           main] INFO  c.e.c.processors.UpdateTradeProcessor    : Наша пара: long=AXS-USDT-SWAP, short=AR-USDT-SWAP | cointegrated=false | p=0.10000 | adf=0.29245 | z=-0.77 | corr=0.43 | avgAdf=0.29 | avgR=0.81 | stablePeriods=83 | traceStat=3.57 | criticalValue95=15.49 | eigenSize=2 | vectorSize=0 | errors=N/A. Чек: pValue=0.10000 ✅, ADF=0.29245 ⚠️, R²=0.80691 ⚠️, stablePeriods=83
2025-08-31 01:56:18.537 [           main] INFO  c.e.c.s.CalculateChangesServiceImpl      : 📊 ЛОНГ AR-USDT-SWAP: вход: 6.46, тек.: 6.58100000, изм.: 3.74613000 %
2025-08-31 01:56:18.537 [           main] INFO  c.e.c.s.CalculateChangesServiceImpl      : 📉 ШОРТ AXS-USDT-SWAP: вход: 2.592, тек.: 2.61900000, изм.: -2.08333300 %
2025-08-31 01:56:18.538 [           main] INFO  c.e.c.s.CalculateChangesServiceImpl      : 💰 Текущий профит: 0.24920000 USDT (1.11335503 %)
2025-08-31 01:56:18.538 [           main] INFO  c.e.c.s.CalculateChangesServiceImpl      : 📈 Max профит: 1.64143894 % (312 минут), Min профит: -5.06281584 % (52 минут)
2025-08-31 01:56:18.610 [           main] INFO  c.e.c.processors.UpdateTradeProcessor    : 
2025-08-31 01:56:18.611 [           main] INFO  c.e.c.processors.UpdateTradeProcessor    : 🔄 Обновление пары BIO-USDT-SWAP/KSM-USDT-SWAP...
2025-08-31 01:56:19.834 [nio-8181-exec-2] INFO  c.vaadin.flow.spring.SpringInstantiator  : The number of beans implementing 'I18NProvider' is 0. Cannot use Spring beans for I18N, falling back to the default behavior
2025-08-31 01:56:21.098 [           main] INFO  c.e.c.processors.UpdateTradeProcessor    : Наша пара: long=BIO-USDT-SWAP, short=KSM-USDT-SWAP | cointegrated=false | p=0.10000 | adf=0.38765 | z=0.83 | corr=0.49 | avgAdf=0.39 | avgR=0.42 | stablePeriods=16 | traceStat=7.24 | criticalValue95=15.49 | eigenSize=2 | vectorSize=0 | errors=N/A. Чек: pValue=0.10000 ✅, ADF=0.38765 ⚠️, R²=0.41506 ✅, stablePeriods=16
2025-08-31 01:56:21.117 [           main] INFO  c.e.c.s.CalculateChangesServiceImpl      : 📊 ЛОНГ BIO-USDT-SWAP: вход: 0.16125, тек.: 0.16240000, изм.: 1.42635700 %
2025-08-31 01:56:21.117 [           main] INFO  c.e.c.s.CalculateChangesServiceImpl      : 📉 ШОРТ KSM-USDT-SWAP: вход: 15.37, тек.: 15.71000000, изм.: -4.42420300 %
2025-08-31 01:56:21.117 [           main] INFO  c.e.c.s.CalculateChangesServiceImpl      : 💰 Текущий профит: -0.47645000 USDT (-1.59650479 %)
2025-08-31 01:56:21.117 [           main] INFO  c.e.c.s.CalculateChangesServiceImpl      : 📈 Max профит: 1.05526565 % (524 минут), Min профит: -14.57154472 % (253 минут)
2025-08-31 01:56:21.153 [           main] INFO  com.example.core.CoreApplication         : ✅ Пары обновлены
2025-08-31 01:56:21.441 [           main] INFO  com.example.core.CoreApplication         : 
2025-08-31 01:56:21.441 [           main] INFO  com.example.core.CoreApplication         : 🚀 Core готов к работе!
2025-08-31 01:56:29.900 [   scheduling-1] INFO  c.e.c.processors.UpdateTradeProcessor    : 
2025-08-31 01:56:29.901 [   scheduling-1] INFO  c.e.c.processors.UpdateTradeProcessor    : 🔄 Обновление пары BIO-USDT-SWAP/KSM-USDT-SWAP...
2025-08-31 01:56:32.418 [   scheduling-1] INFO  c.e.c.processors.UpdateTradeProcessor    : Наша пара: long=BIO-USDT-SWAP, short=KSM-USDT-SWAP | cointegrated=false | p=0.10000 | adf=0.38765 | z=0.83 | corr=0.49 | avgAdf=0.39 | avgR=0.42 | stablePeriods=16 | traceStat=7.25 | criticalValue95=15.49 | eigenSize=2 | vectorSize=0 | errors=N/A. Чек: pValue=0.10000 ✅, ADF=0.38765 ⚠️, R²=0.41506 ✅, stablePeriods=16
2025-08-31 01:56:32.435 [   scheduling-1] INFO  c.e.c.s.CalculateChangesServiceImpl      : 📊 ЛОНГ BIO-USDT-SWAP: вход: 0.16125, тек.: 0.16242000, изм.: 1.45116300 %
2025-08-31 01:56:32.436 [   scheduling-1] INFO  c.e.c.s.CalculateChangesServiceImpl      : 📉 ШОРТ KSM-USDT-SWAP: вход: 15.37, тек.: 15.71000000, изм.: -4.42420300 %
2025-08-31 01:56:32.436 [   scheduling-1] INFO  c.e.c.s.CalculateChangesServiceImpl      : 💰 Текущий профит: -0.47291000 USDT (-1.58451553 %)
2025-08-31 01:56:32.436 [   scheduling-1] INFO  c.e.c.s.CalculateChangesServiceImpl      : 📈 Max профит: 1.05526565 % (524 минут), Min профит: -14.57154472 % (253 минут)
2025-08-31 01:56:42.722 [   scheduling-1] INFO  c.e.c.processors.UpdateTradeProcessor    : 
2025-08-31 01:56:42.723 [   scheduling-1] INFO  c.e.c.processors.UpdateTradeProcessor    : 🔄 Обновление пары AR-USDT-SWAP/AXS-USDT-SWAP...
2025-08-31 01:56:45.052 [   scheduling-1] INFO  c.e.c.processors.UpdateTradeProcessor    : Наша пара: long=AXS-USDT-SWAP, short=AR-USDT-SWAP | cointegrated=false | p=0.10000 | adf=0.29245 | z=-0.77 | corr=0.43 | avgAdf=0.29 | avgR=0.81 | stablePeriods=83 | traceStat=3.57 | criticalValue95=15.49 | eigenSize=2 | vectorSize=0 | errors=N/A. Чек: pValue=0.10000 ✅, ADF=0.29245 ⚠️, R²=0.80691 ⚠️, stablePeriods=83
2025-08-31 01:56:45.064 [   scheduling-1] INFO  c.e.c.s.CalculateChangesServiceImpl      : 📊 ЛОНГ AR-USDT-SWAP: вход: 6.46, тек.: 6.57800000, изм.: 3.65325100 %
2025-08-31 01:56:45.064 [   scheduling-1] INFO  c.e.c.s.CalculateChangesServiceImpl      : 📉 ШОРТ AXS-USDT-SWAP: вход: 2.592, тек.: 2.61900000, изм.: -2.08333300 %
2025-08-31 01:56:45.064 [   scheduling-1] INFO  c.e.c.s.CalculateChangesServiceImpl      : 💰 Текущий профит: 0.23780000 USDT (1.06242321 %)
2025-08-31 01:56:45.064 [   scheduling-1] INFO  c.e.c.s.CalculateChangesServiceImpl      : 📈 Max профит: 1.64143894 % (312 минут), Min профит: -5.06281584 % (52 минут)
2025-08-31 01:57:29.931 [   scheduling-1] INFO  c.e.c.processors.UpdateTradeProcessor    : 
2025-08-31 01:57:29.932 [   scheduling-1] INFO  c.e.c.processors.UpdateTradeProcessor    : 🔄 Обновление пары BIO-USDT-SWAP/KSM-USDT-SWAP...
2025-08-31 01:57:31.273 [ionShutdownHook] INFO  o.s.a.r.l.SimpleMessageListenerContainer : Waiting for workers to finish.
2025-08-31 01:57:32.076 [ionShutdownHook] INFO  o.s.a.r.l.SimpleMessageListenerContainer : Successfully waited for workers to finish.
2025-08-31 01:57:32.077 [ionShutdownHook] INFO  o.s.i.a.i.AmqpInboundChannelAdapter      : stopped bean 'inbound.cointegration.events.core-group'
2025-08-31 01:57:32.095 [ionShutdownHook] INFO  o.s.c.stream.binder.BinderErrorChannel   : Channel 'core-service.rabbit-840051411.cointegrationEventsConsumer-in-0.errors' has 1 subscriber(s).
2025-08-31 01:57:32.096 [ionShutdownHook] INFO  o.s.c.stream.binder.BinderErrorChannel   : Channel 'core-service.rabbit-840051411.cointegrationEventsConsumer-in-0.errors' has 0 subscriber(s).
2025-08-31 01:57:32.098 [ionShutdownHook] INFO  o.s.b.w.e.tomcat.GracefulShutdown        : Commencing graceful shutdown. Waiting for active requests to complete
2025-08-31 01:57:32.104 [tomcat-shutdown] INFO  o.s.b.w.e.tomcat.GracefulShutdown        : Graceful shutdown complete
2025-08-31 01:57:32.469 [   scheduling-1] INFO  c.e.c.processors.UpdateTradeProcessor    : Наша пара: long=BIO-USDT-SWAP, short=KSM-USDT-SWAP | cointegrated=false | p=0.10000 | adf=0.38765 | z=0.83 | corr=0.49 | avgAdf=0.39 | avgR=0.42 | stablePeriods=16 | traceStat=7.21 | criticalValue95=15.49 | eigenSize=2 | vectorSize=0 | errors=N/A. Чек: pValue=0.10000 ✅, ADF=0.38765 ⚠️, R²=0.41506 ✅, stablePeriods=16
2025-08-31 01:57:32.497 [   scheduling-1] INFO  c.e.c.s.CalculateChangesServiceImpl      : 📊 ЛОНГ BIO-USDT-SWAP: вход: 0.16125, тек.: 0.16228000, изм.: 1.27751900 %
2025-08-31 01:57:32.497 [   scheduling-1] INFO  c.e.c.s.CalculateChangesServiceImpl      : 📉 ШОРТ KSM-USDT-SWAP: вход: 15.37, тек.: 15.70000000, изм.: -4.29407900 %
2025-08-31 01:57:32.498 [   scheduling-1] INFO  c.e.c.s.CalculateChangesServiceImpl      : 💰 Текущий профит: -0.47769000 USDT (-1.60120896 %)
2025-08-31 01:57:32.498 [   scheduling-1] INFO  c.e.c.s.CalculateChangesServiceImpl      : 📈 Max профит: 1.05526565 % (524 минут), Min профит: -14.57154472 % (253 минут)
2025-08-31 01:57:42.324 [   scheduling-1] INFO  c.e.c.processors.UpdateTradeProcessor    : 
2025-08-31 01:57:42.325 [   scheduling-1] INFO  c.e.c.processors.UpdateTradeProcessor    : 🔄 Обновление пары AR-USDT-SWAP/AXS-USDT-SWAP...
2025-08-31 01:57:44.573 [   scheduling-1] INFO  c.e.c.processors.UpdateTradeProcessor    : Наша пара: long=AXS-USDT-SWAP, short=AR-USDT-SWAP | cointegrated=false | p=0.10000 | adf=0.29245 | z=-0.77 | corr=0.43 | avgAdf=0.29 | avgR=0.81 | stablePeriods=83 | traceStat=3.58 | criticalValue95=15.49 | eigenSize=2 | vectorSize=0 | errors=N/A. Чек: pValue=0.10000 ✅, ADF=0.29245 ⚠️, R²=0.80691 ⚠️, stablePeriods=83
2025-08-31 01:57:44.587 [   scheduling-1] INFO  c.e.c.s.CalculateChangesServiceImpl      : 📊 ЛОНГ AR-USDT-SWAP: вход: 6.46, тек.: 6.57900000, изм.: 3.68421100 %
2025-08-31 01:57:44.587 [   scheduling-1] INFO  c.e.c.s.CalculateChangesServiceImpl      : 📉 ШОРТ AXS-USDT-SWAP: вход: 2.592, тек.: 2.61400000, изм.: -1.69753100 %
2025-08-31 01:57:44.588 [   scheduling-1] INFO  c.e.c.s.CalculateChangesServiceImpl      : 💰 Текущий профит: 0.28060000 USDT (1.25364139 %)
2025-08-31 01:57:44.588 [   scheduling-1] INFO  c.e.c.s.CalculateChangesServiceImpl      : 📈 Max профит: 1.64143894 % (312 минут), Min профит: -5.06281584 % (52 минут)
2025-08-31 01:57:44.660 [ionShutdownHook] INFO  o.s.i.endpoint.EventDrivenConsumer       : Removing {logging-channel-adapter:_org.springframework.integration.errorLogger} as a subscriber to the 'errorChannel' channel
2025-08-31 01:57:44.660 [ionShutdownHook] INFO  o.s.i.channel.PublishSubscribeChannel    : Channel 'core-service.errorChannel' has 0 subscriber(s).
2025-08-31 01:57:44.660 [ionShutdownHook] INFO  o.s.i.endpoint.EventDrivenConsumer       : stopped bean '_org.springframework.integration.errorLogger'
2025-08-31 01:57:44.673 [ionShutdownHook] INFO  j.LocalContainerEntityManagerFactoryBean : Closing JPA EntityManagerFactory for persistence unit 'default'
2025-08-31 01:57:44.681 [ionShutdownHook] INFO  com.zaxxer.hikari.HikariDataSource       : HikariPool-1 - Shutdown initiated...
2025-08-31 01:57:44.682 [ionShutdownHook] INFO  com.zaxxer.hikari.HikariDataSource       : HikariPool-1 - Shutdown completed.
2025-08-31 01:57:44.690 [ionShutdownHook] INFO  org.atmosphere.util.ForkJoinPool         : Using ForkJoinPool  java.util.concurrent.ForkJoinPool. Set the org.atmosphere.cpr.broadcaster.maxAsyncWriteThreads to -1 to fully use its power.
2025-08-31 01:57:44.696 [ionShutdownHook] WARN  org.atmosphere.cpr.DefaultBroadcaster    : AtmosphereResource 302b0895-1ac8-409c-84ff-dce7be649cf5 is not suspended. If cached messages exists, this may cause unexpected situation. Suspend first
2025-08-31 01:57:44.699 [ionShutdownHook] WARN  org.atmosphere.cpr.DefaultBroadcaster    : AtmosphereResource 3653a14c-7db8-4045-a3d2-94a871bd5723 is not suspended. If cached messages exists, this may cause unexpected situation. Suspend first
2025-08-31 01:57:52.527 [kground-preinit] INFO  o.h.validator.internal.util.Version      : HV000001: Hibernate Validator 8.0.2.Final
2025-08-31 01:57:52.551 [           main] INFO  com.example.core.CoreApplication         : Starting CoreApplication using Java 21.0.6 with PID 27411 (/Users/igorkhilkevich/IdeaProjects/statarbitrage/microservices/core/target/classes started by igorkhilkevich in /Users/igorkhilkevich/IdeaProjects/statarbitrage/microservices)
2025-08-31 01:57:52.552 [           main] INFO  com.example.core.CoreApplication         : The following 1 profile is active: "default"
2025-08-31 01:57:52.931 [           main] INFO  .s.d.r.c.RepositoryConfigurationDelegate : Bootstrapping Spring Data JPA repositories in DEFAULT mode.
2025-08-31 01:57:53.060 [           main] INFO  .s.d.r.c.RepositoryConfigurationDelegate : Finished Spring Data repository scanning in 124 ms. Found 6 JPA repository interfaces.
2025-08-31 01:57:53.321 [           main] INFO  faultConfiguringBeanFactoryPostProcessor : No bean named 'errorChannel' has been explicitly defined. Therefore, a default PublishSubscribeChannel will be created.
2025-08-31 01:57:53.323 [           main] INFO  faultConfiguringBeanFactoryPostProcessor : No bean named 'integrationHeaderChannelRegistry' has been explicitly defined. Therefore, a default DefaultHeaderChannelRegistry will be created.
2025-08-31 01:57:53.383 [           main] INFO  o.s.cloud.context.scope.GenericScope     : BeanFactory id=38085f24-5dba-388b-a336-eff96e874587
2025-08-31 01:57:53.604 [           main] INFO  o.s.b.w.embedded.tomcat.TomcatWebServer  : Tomcat initialized with port 8181 (http)
2025-08-31 01:57:53.610 [           main] INFO  o.a.coyote.http11.Http11NioProtocol      : Initializing ProtocolHandler ["http-nio-8181"]
2025-08-31 01:57:53.611 [           main] INFO  o.apache.catalina.core.StandardService   : Starting service [Tomcat]
2025-08-31 01:57:53.611 [           main] INFO  o.apache.catalina.core.StandardEngine    : Starting Servlet engine: [Apache Tomcat/10.1.41]
2025-08-31 01:57:53.643 [           main] INFO  o.a.c.c.C.[Tomcat].[localhost].[/]       : Initializing Spring embedded WebApplicationContext
2025-08-31 01:57:53.643 [           main] INFO  w.s.c.ServletWebServerApplicationContext : Root WebApplicationContext: initialization completed in 1063 ms
2025-08-31 01:57:53.949 [           main] INFO  c.v.f.s.VaadinServletContextInitializer  : Search for subclasses and classes with annotations took 128 ms
2025-08-31 01:57:54.217 [           main] INFO  c.v.b.d.startup.DevModeStartupListener   : Starting dev-mode updaters in /Users/igorkhilkevich/IdeaProjects/statarbitrage/microservices/core folder.
2025-08-31 01:57:54.239 [           main] INFO  c.v.f.s.f.s.FullDependenciesScanner      : Visited 108 classes. Took 12 ms.
2025-08-31 01:57:54.240 [           main] INFO  c.v.f.s.frontend.BundleValidationUtil    : Checking if a development mode bundle build is needed
2025-08-31 01:57:54.340 [           main] INFO  c.v.f.s.frontend.BundleValidationUtil    : A development mode bundle build is not needed
2025-08-31 01:57:54.354 [onPool-worker-1] INFO  c.v.f.s.frontend.TaskCopyFrontendFiles   : Copying frontend resources from jar files ...
2025-08-31 01:57:54.376 [onPool-worker-1] INFO  c.v.f.s.frontend.TaskCopyFrontendFiles   : Visited 18 resources. Took 22 ms.
2025-08-31 01:57:54.477 [           main] INFO  com.zaxxer.hikari.HikariDataSource       : HikariPool-1 - Starting...
2025-08-31 01:57:54.579 [           main] INFO  com.zaxxer.hikari.pool.HikariPool        : HikariPool-1 - Added connection org.postgresql.jdbc.PgConnection@6c9e7af2
2025-08-31 01:57:54.580 [           main] INFO  com.zaxxer.hikari.HikariDataSource       : HikariPool-1 - Start completed.
2025-08-31 01:57:54.595 [           main] INFO  org.flywaydb.core.FlywayExecutor         : Database: jdbc:postgresql://localhost:5432/statarbitrage (PostgreSQL 15.14)
2025-08-31 01:57:54.633 [           main] INFO  o.f.core.internal.command.DbValidate     : Successfully validated 1 migration (execution time 00:00.016s)
2025-08-31 01:57:54.663 [           main] INFO  o.f.core.internal.command.DbMigrate      : Current version of schema "public": 1
2025-08-31 01:57:54.665 [           main] INFO  o.f.core.internal.command.DbMigrate      : Schema "public" is up to date. No migration necessary.
2025-08-31 01:57:54.736 [           main] INFO  o.hibernate.jpa.internal.util.LogHelper  : HHH000204: Processing PersistenceUnitInfo [name: default]
2025-08-31 01:57:54.763 [           main] INFO  org.hibernate.Version                    : HHH000412: Hibernate ORM core version 6.6.15.Final
2025-08-31 01:57:54.783 [           main] INFO  o.h.c.internal.RegionFactoryInitiator    : HHH000026: Second-level cache disabled
2025-08-31 01:57:54.892 [           main] INFO  o.s.o.j.p.SpringPersistenceUnitInfo      : No LoadTimeWeaver setup: ignoring JPA class transformer
2025-08-31 01:57:54.921 [           main] WARN  org.hibernate.orm.deprecation            : HHH90000025: PostgreSQLDialect does not need to be specified explicitly using 'hibernate.dialect' (remove the property setting and it will be selected by default)
2025-08-31 01:57:54.928 [           main] INFO  org.hibernate.orm.connections.pooling    : HHH10001005: Database info:
	Database JDBC URL [Connecting through datasource 'HikariDataSource (HikariPool-1)']
	Database driver: undefined/unknown
	Database version: 15.14
	Autocommit mode: undefined/unknown
	Isolation level: undefined/unknown
	Minimum pool size: undefined/unknown
	Maximum pool size: undefined/unknown
2025-08-31 01:57:55.572 [           main] INFO  o.h.e.t.j.p.i.JtaPlatformInitiator       : HHH000489: No JTA platform available (set 'hibernate.transaction.jta.platform' to enable JTA platform integration)
2025-08-31 01:57:55.573 [           main] INFO  j.LocalContainerEntityManagerFactoryBean : Initialized JPA EntityManagerFactory for persistence unit 'default'
2025-08-31 01:57:55.820 [           main] INFO  o.s.d.j.r.query.QueryEnhancerFactory     : Hibernate is in classpath; If applicable, HQL parser will be used.
2025-08-31 01:57:56.204 [           main] WARN  JpaBaseConfiguration$JpaWebConfiguration : spring.jpa.open-in-view is enabled by default. Therefore, database queries may be performed during view rendering. Explicitly configure spring.jpa.open-in-view to disable this warning
2025-08-31 01:57:57.518 [           main] INFO  c.e.c.t.services.TradingProviderFactory  : ✅ Переключились на провайдер: OKX API
2025-08-31 01:57:57.767 [           main] INFO  c.e.core.ui.services.UIUpdateService     : Started periodic UI updates every 15 seconds
2025-08-31 01:57:57.768 [           main] INFO  c.example.shared.config.MessagingConfig  : 📨 Messaging Configuration загружена
2025-08-31 01:57:58.178 [           main] INFO  o.s.c.s.m.DirectWithAttributesChannel    : Channel 'core-service.cointegrationEventsConsumer-in-0' has 1 subscriber(s).
2025-08-31 01:57:58.298 [           main] INFO  o.s.b.a.e.web.EndpointLinksResolver      : Exposing 3 endpoints beneath base path '/actuator'
2025-08-31 01:57:58.387 [           main] INFO  org.atmosphere.cpr.AtmosphereFramework   : Installed AtmosphereHandler com.vaadin.flow.server.communication.PushAtmosphereHandler mapped to context-path: /*
2025-08-31 01:57:58.387 [           main] INFO  org.atmosphere.cpr.AtmosphereFramework   : Installed the following AtmosphereInterceptor mapped to AtmosphereHandler com.vaadin.flow.server.communication.PushAtmosphereHandler
2025-08-31 01:57:58.410 [           main] INFO  org.atmosphere.cpr.AtmosphereFramework   : Atmosphere is using org.atmosphere.util.VoidAnnotationProcessor for processing annotation
2025-08-31 01:57:58.414 [           main] INFO  org.atmosphere.util.ForkJoinPool         : Using ForkJoinPool  java.util.concurrent.ForkJoinPool. Set the org.atmosphere.cpr.broadcaster.maxAsyncWriteThreads to -1 to fully use its power.
2025-08-31 01:57:58.418 [           main] INFO  org.atmosphere.cpr.AtmosphereFramework   : Installed WebSocketProtocol org.atmosphere.websocket.protocol.SimpleHttpProtocol 
2025-08-31 01:57:58.420 [           main] INFO  o.a.container.JSR356AsyncSupport         : JSR 356 Mapping path /VAADIN/push
2025-08-31 01:57:58.425 [           main] INFO  org.atmosphere.cpr.AtmosphereFramework   : Installing Default AtmosphereInterceptors
2025-08-31 01:57:58.426 [           main] INFO  org.atmosphere.cpr.AtmosphereFramework   : 	org.atmosphere.interceptor.CorsInterceptor : CORS Interceptor Support
2025-08-31 01:57:58.426 [           main] INFO  org.atmosphere.cpr.AtmosphereFramework   : 	org.atmosphere.interceptor.CacheHeadersInterceptor : Default Response's Headers Interceptor
2025-08-31 01:57:58.426 [           main] INFO  org.atmosphere.cpr.AtmosphereFramework   : 	org.atmosphere.interceptor.PaddingAtmosphereInterceptor : Browser Padding Interceptor Support
2025-08-31 01:57:58.426 [           main] INFO  org.atmosphere.cpr.AtmosphereFramework   : 	org.atmosphere.interceptor.AndroidAtmosphereInterceptor : Android Interceptor Support
2025-08-31 01:57:58.426 [           main] INFO  org.atmosphere.cpr.AtmosphereFramework   : 	org.atmosphere.interceptor.HeartbeatInterceptor : Heartbeat Interceptor Support
2025-08-31 01:57:58.426 [           main] INFO  org.atmosphere.cpr.AtmosphereFramework   : 	org.atmosphere.interceptor.SSEAtmosphereInterceptor : SSE Interceptor Support
2025-08-31 01:57:58.427 [           main] INFO  org.atmosphere.cpr.AtmosphereFramework   : 	org.atmosphere.interceptor.JSONPAtmosphereInterceptor : JSONP Interceptor Support
2025-08-31 01:57:58.427 [           main] INFO  org.atmosphere.cpr.AtmosphereFramework   : 	org.atmosphere.interceptor.JavaScriptProtocol : Atmosphere JavaScript Protocol
2025-08-31 01:57:58.427 [           main] INFO  org.atmosphere.cpr.AtmosphereFramework   : 	org.atmosphere.interceptor.WebSocketMessageSuspendInterceptor : org.atmosphere.interceptor.WebSocketMessageSuspendInterceptor
2025-08-31 01:57:58.427 [           main] INFO  org.atmosphere.cpr.AtmosphereFramework   : 	org.atmosphere.interceptor.OnDisconnectInterceptor : Browser disconnection detection
2025-08-31 01:57:58.427 [           main] INFO  org.atmosphere.cpr.AtmosphereFramework   : 	org.atmosphere.interceptor.IdleResourceInterceptor : org.atmosphere.interceptor.IdleResourceInterceptor
2025-08-31 01:57:58.427 [           main] INFO  org.atmosphere.cpr.AtmosphereFramework   : Set org.atmosphere.cpr.AtmosphereInterceptor.disableDefaults to disable them.
2025-08-31 01:57:58.427 [           main] INFO  org.atmosphere.cpr.AtmosphereFramework   : Installed AtmosphereInterceptor CORS Interceptor Support with priority FIRST_BEFORE_DEFAULT 
2025-08-31 01:57:58.427 [           main] INFO  org.atmosphere.cpr.AtmosphereFramework   : Installed AtmosphereInterceptor Default Response's Headers Interceptor with priority AFTER_DEFAULT 
2025-08-31 01:57:58.428 [           main] INFO  org.atmosphere.cpr.AtmosphereFramework   : Installed AtmosphereInterceptor Browser Padding Interceptor Support with priority AFTER_DEFAULT 
2025-08-31 01:57:58.428 [           main] INFO  org.atmosphere.cpr.AtmosphereFramework   : Installed AtmosphereInterceptor Android Interceptor Support with priority AFTER_DEFAULT 
2025-08-31 01:57:58.428 [           main] INFO  o.a.interceptor.HeartbeatInterceptor     : HeartbeatInterceptor configured with padding value 'X', client frequency 0 seconds and server frequency 60 seconds
2025-08-31 01:57:58.428 [           main] INFO  org.atmosphere.cpr.AtmosphereFramework   : Installed AtmosphereInterceptor Heartbeat Interceptor Support with priority AFTER_DEFAULT 
2025-08-31 01:57:58.428 [           main] INFO  org.atmosphere.cpr.AtmosphereFramework   : Installed AtmosphereInterceptor SSE Interceptor Support with priority AFTER_DEFAULT 
2025-08-31 01:57:58.428 [           main] INFO  org.atmosphere.cpr.AtmosphereFramework   : Installed AtmosphereInterceptor JSONP Interceptor Support with priority AFTER_DEFAULT 
2025-08-31 01:57:58.428 [           main] INFO  org.atmosphere.cpr.AtmosphereFramework   : Installed AtmosphereInterceptor Atmosphere JavaScript Protocol with priority AFTER_DEFAULT 
2025-08-31 01:57:58.428 [           main] INFO  org.atmosphere.cpr.AtmosphereFramework   : Installed AtmosphereInterceptor org.atmosphere.interceptor.WebSocketMessageSuspendInterceptor with priority AFTER_DEFAULT 
2025-08-31 01:57:58.428 [           main] INFO  org.atmosphere.cpr.AtmosphereFramework   : Installed AtmosphereInterceptor Browser disconnection detection with priority AFTER_DEFAULT 
2025-08-31 01:57:58.428 [           main] INFO  org.atmosphere.cpr.AtmosphereFramework   : Installed AtmosphereInterceptor org.atmosphere.interceptor.IdleResourceInterceptor with priority BEFORE_DEFAULT 
2025-08-31 01:57:58.428 [           main] INFO  org.atmosphere.cpr.AtmosphereFramework   : Using EndpointMapper class org.atmosphere.util.DefaultEndpointMapper
2025-08-31 01:57:58.428 [           main] INFO  org.atmosphere.cpr.AtmosphereFramework   : Using BroadcasterCache: org.atmosphere.cache.UUIDBroadcasterCache
2025-08-31 01:57:58.428 [           main] INFO  org.atmosphere.cpr.AtmosphereFramework   : Default Broadcaster Class: org.atmosphere.cpr.DefaultBroadcaster
2025-08-31 01:57:58.428 [           main] INFO  org.atmosphere.cpr.AtmosphereFramework   : Broadcaster Shared List Resources: false
2025-08-31 01:57:58.428 [           main] INFO  org.atmosphere.cpr.AtmosphereFramework   : Broadcaster Polling Wait Time 100
2025-08-31 01:57:58.428 [           main] INFO  org.atmosphere.cpr.AtmosphereFramework   : Shared ExecutorService supported: true
2025-08-31 01:57:58.428 [           main] INFO  org.atmosphere.cpr.AtmosphereFramework   : Messaging ExecutorService Pool Size unavailable - Not instance of ThreadPoolExecutor
2025-08-31 01:57:58.428 [           main] INFO  org.atmosphere.cpr.AtmosphereFramework   : Async I/O Thread Pool Size: 200
2025-08-31 01:57:58.428 [           main] INFO  org.atmosphere.cpr.AtmosphereFramework   : Using BroadcasterFactory: org.atmosphere.cpr.DefaultBroadcasterFactory
2025-08-31 01:57:58.428 [           main] INFO  org.atmosphere.cpr.AtmosphereFramework   : Using AtmosphereResurceFactory: org.atmosphere.cpr.DefaultAtmosphereResourceFactory
2025-08-31 01:57:58.428 [           main] INFO  org.atmosphere.cpr.AtmosphereFramework   : Using WebSocketProcessor: org.atmosphere.websocket.DefaultWebSocketProcessor
2025-08-31 01:57:58.429 [           main] INFO  org.atmosphere.cpr.AtmosphereFramework   : Invoke AtmosphereInterceptor on WebSocket message true
2025-08-31 01:57:58.429 [           main] INFO  org.atmosphere.cpr.AtmosphereFramework   : HttpSession supported: true
2025-08-31 01:57:58.429 [           main] INFO  org.atmosphere.cpr.AtmosphereFramework   : Atmosphere is using org.atmosphere.inject.InjectableObjectFactory for dependency injection and object creation
2025-08-31 01:57:58.429 [           main] INFO  org.atmosphere.cpr.AtmosphereFramework   : Atmosphere is using async support: org.atmosphere.container.JSR356AsyncSupport running under container: Apache Tomcat/10.1.41 using jakarta.servlet/3.0 and jsr356/WebSocket API
2025-08-31 01:57:58.429 [           main] INFO  org.atmosphere.cpr.AtmosphereFramework   : Atmosphere Framework 3.0.4.slf4jvaadin1 started.
2025-08-31 01:57:58.431 [           main] INFO  org.atmosphere.cpr.AtmosphereFramework   : Installed AtmosphereInterceptor  Track Message Size Interceptor using | with priority BEFORE_DEFAULT 
2025-08-31 01:57:58.474 [           main] INFO  figuration$IntegrationJmxConfiguration$1 : Registering MessageChannel errorChannel
2025-08-31 01:57:58.477 [           main] INFO  figuration$IntegrationJmxConfiguration$1 : Registering MessageChannel cointegrationEventsConsumer-in-0
2025-08-31 01:57:58.480 [           main] INFO  figuration$IntegrationJmxConfiguration$1 : Registering MessageChannel nullChannel
2025-08-31 01:57:58.484 [           main] INFO  figuration$IntegrationJmxConfiguration$1 : Registering MessageHandler _org.springframework.integration.errorLogger
2025-08-31 01:57:58.488 [           main] INFO  o.s.i.endpoint.EventDrivenConsumer       : Adding {logging-channel-adapter:_org.springframework.integration.errorLogger} as a subscriber to the 'errorChannel' channel
2025-08-31 01:57:58.488 [           main] INFO  o.s.i.channel.PublishSubscribeChannel    : Channel 'core-service.errorChannel' has 1 subscriber(s).
2025-08-31 01:57:58.488 [           main] INFO  o.s.i.endpoint.EventDrivenConsumer       : started bean '_org.springframework.integration.errorLogger'
2025-08-31 01:57:58.511 [           main] INFO  o.a.coyote.http11.Http11NioProtocol      : Starting ProtocolHandler ["http-nio-8181"]
2025-08-31 01:57:58.523 [           main] INFO  c.v.f.s.DefaultDeploymentConfiguration   : 
Vaadin is running in DEVELOPMENT mode - do not use for production deployments.
2025-08-31 01:57:58.545 [           main] INFO  o.s.b.w.embedded.tomcat.TomcatWebServer  : Tomcat started on port 8181 (http) with context path '/'
2025-08-31 01:57:58.549 [           main] INFO  o.s.c.s.binder.DefaultBinderFactory      : Creating binder: rabbit
2025-08-31 01:57:58.549 [           main] INFO  o.s.c.s.binder.DefaultBinderFactory      : Constructing binder child context for rabbit
2025-08-31 01:57:58.687 [           main] INFO  o.s.c.s.binder.DefaultBinderFactory      : Caching the binder: rabbit
2025-08-31 01:57:58.700 [           main] INFO  c.s.b.r.p.RabbitExchangeQueueProvisioner : declaring queue for inbound: cointegration.events.core-group, bound to: cointegration.events
2025-08-31 01:57:58.703 [           main] INFO  o.s.a.r.c.CachingConnectionFactory       : Attempting to connect to: [localhost:5672]
2025-08-31 01:57:58.738 [           main] INFO  o.s.a.r.c.CachingConnectionFactory       : Created new connection: rabbitConnectionFactory#1b104000:0/SimpleConnection@2716ffe2 [delegate=amqp://admin@127.0.0.1:5672/, localPort=49579]
2025-08-31 01:57:58.771 [           main] INFO  o.s.c.stream.binder.BinderErrorChannel   : Channel 'rabbit-88442105.cointegrationEventsConsumer-in-0.errors' has 1 subscriber(s).
2025-08-31 01:57:58.772 [           main] INFO  o.s.c.stream.binder.BinderErrorChannel   : Channel 'rabbit-88442105.cointegrationEventsConsumer-in-0.errors' has 2 subscriber(s).
2025-08-31 01:57:58.782 [           main] INFO  o.s.i.a.i.AmqpInboundChannelAdapter      : started bean 'inbound.cointegration.events.core-group'
2025-08-31 01:57:58.815 [           main] INFO  figuration$IntegrationJmxConfiguration$1 : Registering MessageChannel rabbit-88442105.cointegrationEventsConsumer-in-0.errors
2025-08-31 01:57:58.824 [           main] INFO  com.example.core.CoreApplication         : Started CoreApplication in 6.672 seconds (process running for 7.144)
2025-08-31 01:57:59.031 [           main] INFO  com.example.core.CoreApplication         : ✅ Геолокация при запуске: безопасно для OKX
2025-08-31 01:57:59.077 [           main] INFO  c.e.c.c.CointegrationApiHealthCheck      : ✅ API коинтеграции в норме
2025-08-31 01:57:59.157 [           main] INFO  com.example.core.CoreApplication         : ✅ Интеграционный тест API коинтеграции прошел успешно
2025-08-31 01:57:59.224 [-192.168.60.112] INFO  o.a.c.c.C.[Tomcat].[localhost].[/]       : Initializing Spring DispatcherServlet 'dispatcherServlet'
2025-08-31 01:57:59.224 [-192.168.60.112] INFO  o.s.web.servlet.DispatcherServlet        : Initializing Servlet 'dispatcherServlet'
2025-08-31 01:57:59.226 [-192.168.60.112] INFO  o.s.web.servlet.DispatcherServlet        : Completed initialization in 2 ms
2025-08-31 01:57:59.403 [           main] INFO  c.e.c.processors.UpdateTradeProcessor    : 
2025-08-31 01:57:59.404 [           main] INFO  c.e.c.processors.UpdateTradeProcessor    : 🔄 Обновление пары AR-USDT-SWAP/AXS-USDT-SWAP...
2025-08-31 01:58:00.783 [nio-8181-exec-3] INFO  c.vaadin.flow.spring.SpringInstantiator  : The number of beans implementing 'I18NProvider' is 0. Cannot use Spring beans for I18N, falling back to the default behavior
2025-08-31 01:58:02.167 [           main] INFO  c.e.c.processors.UpdateTradeProcessor    : Наша пара: long=AXS-USDT-SWAP, short=AR-USDT-SWAP | cointegrated=false | p=0.10000 | adf=0.29245 | z=-0.77 | corr=0.43 | avgAdf=0.29 | avgR=0.81 | stablePeriods=83 | traceStat=3.58 | criticalValue95=15.49 | eigenSize=2 | vectorSize=0 | errors=N/A. Чек: pValue=0.10000 ✅, ADF=0.29245 ⚠️, R²=0.80691 ⚠️, stablePeriods=83
2025-08-31 01:58:02.209 [           main] INFO  c.e.c.s.CalculateChangesServiceImpl      : 📊 ЛОНГ AR-USDT-SWAP: вход: 6.46, тек.: 6.57900000, изм.: 3.68421100 %
2025-08-31 01:58:02.209 [           main] INFO  c.e.c.s.CalculateChangesServiceImpl      : 📉 ШОРТ AXS-USDT-SWAP: вход: 2.592, тек.: 2.61400000, изм.: -1.69753100 %
2025-08-31 01:58:02.209 [           main] INFO  c.e.c.s.CalculateChangesServiceImpl      : 💰 Текущий профит: 0.28060000 USDT (1.25364139 %)
2025-08-31 01:58:02.209 [           main] INFO  c.e.c.s.CalculateChangesServiceImpl      : 📈 Max профит: 1.64143894 % (312 минут), Min профит: -5.06281584 % (52 минут)
2025-08-31 01:58:02.285 [           main] INFO  c.e.c.processors.UpdateTradeProcessor    : 
2025-08-31 01:58:02.285 [           main] INFO  c.e.c.processors.UpdateTradeProcessor    : 🔄 Обновление пары BIO-USDT-SWAP/KSM-USDT-SWAP...
2025-08-31 01:58:04.411 [           main] INFO  c.e.c.processors.UpdateTradeProcessor    : Наша пара: long=BIO-USDT-SWAP, short=KSM-USDT-SWAP | cointegrated=false | p=0.10000 | adf=0.38765 | z=0.83 | corr=0.49 | avgAdf=0.39 | avgR=0.42 | stablePeriods=16 | traceStat=7.21 | criticalValue95=15.49 | eigenSize=2 | vectorSize=0 | errors=N/A. Чек: pValue=0.10000 ✅, ADF=0.38765 ⚠️, R²=0.41506 ✅, stablePeriods=16
2025-08-31 01:58:04.424 [           main] INFO  c.e.c.s.CalculateChangesServiceImpl      : 📊 ЛОНГ BIO-USDT-SWAP: вход: 0.16125, тек.: 0.16228000, изм.: 1.27751900 %
2025-08-31 01:58:04.424 [           main] INFO  c.e.c.s.CalculateChangesServiceImpl      : 📉 ШОРТ KSM-USDT-SWAP: вход: 15.37, тек.: 15.71000000, изм.: -4.42420300 %
2025-08-31 01:58:04.424 [           main] INFO  c.e.c.s.CalculateChangesServiceImpl      : 💰 Текущий профит: -0.49769000 USDT (-1.66844131 %)
2025-08-31 01:58:04.424 [           main] INFO  c.e.c.s.CalculateChangesServiceImpl      : 📈 Max профит: 1.05526565 % (524 минут), Min профит: -14.57154472 % (253 минут)
2025-08-31 01:58:04.455 [           main] INFO  com.example.core.CoreApplication         : ✅ Пары обновлены
2025-08-31 01:58:04.777 [           main] INFO  com.example.core.CoreApplication         : 
2025-08-31 01:58:04.777 [           main] INFO  com.example.core.CoreApplication         : 🚀 Core готов к работе!
2025-08-31 01:58:13.893 [   scheduling-1] INFO  c.e.c.processors.UpdateTradeProcessor    : 
2025-08-31 01:58:13.893 [   scheduling-1] INFO  c.e.c.processors.UpdateTradeProcessor    : 🔄 Обновление пары BIO-USDT-SWAP/KSM-USDT-SWAP...
2025-08-31 01:58:16.056 [   scheduling-1] INFO  c.e.c.processors.UpdateTradeProcessor    : Наша пара: long=BIO-USDT-SWAP, short=KSM-USDT-SWAP | cointegrated=false | p=0.10000 | adf=0.38765 | z=0.83 | corr=0.49 | avgAdf=0.39 | avgR=0.42 | stablePeriods=16 | traceStat=7.20 | criticalValue95=15.49 | eigenSize=2 | vectorSize=0 | errors=N/A. Чек: pValue=0.10000 ✅, ADF=0.38765 ⚠️, R²=0.41506 ✅, stablePeriods=16
2025-08-31 01:58:16.072 [   scheduling-1] INFO  c.e.c.s.CalculateChangesServiceImpl      : 📊 ЛОНГ BIO-USDT-SWAP: вход: 0.16125, тек.: 0.16228000, изм.: 1.27751900 %
2025-08-31 01:58:16.072 [   scheduling-1] INFO  c.e.c.s.CalculateChangesServiceImpl      : 📉 ШОРТ KSM-USDT-SWAP: вход: 15.37, тек.: 15.72000000, изм.: -4.55432700 %
2025-08-31 01:58:16.072 [   scheduling-1] INFO  c.e.c.s.CalculateChangesServiceImpl      : 💰 Текущий профит: -0.51769000 USDT (-1.73567365 %)
2025-08-31 01:58:16.072 [   scheduling-1] INFO  c.e.c.s.CalculateChangesServiceImpl      : 📈 Max профит: 1.05526565 % (524 минут), Min профит: -14.57154472 % (253 минут)
2025-08-31 01:58:27.193 [   scheduling-1] INFO  c.e.c.processors.UpdateTradeProcessor    : 
2025-08-31 01:58:27.194 [   scheduling-1] INFO  c.e.c.processors.UpdateTradeProcessor    : 🔄 Обновление пары AR-USDT-SWAP/AXS-USDT-SWAP...
2025-08-31 01:58:29.473 [   scheduling-1] INFO  c.e.c.processors.UpdateTradeProcessor    : Наша пара: long=AXS-USDT-SWAP, short=AR-USDT-SWAP | cointegrated=false | p=0.10000 | adf=0.29245 | z=-0.77 | corr=0.43 | avgAdf=0.29 | avgR=0.81 | stablePeriods=83 | traceStat=3.58 | criticalValue95=15.49 | eigenSize=2 | vectorSize=0 | errors=N/A. Чек: pValue=0.10000 ✅, ADF=0.29245 ⚠️, R²=0.80691 ⚠️, stablePeriods=83
2025-08-31 01:58:29.488 [   scheduling-1] INFO  c.e.c.s.CalculateChangesServiceImpl      : 📊 ЛОНГ AR-USDT-SWAP: вход: 6.46, тек.: 6.58300000, изм.: 3.80805000 %
2025-08-31 01:58:29.488 [   scheduling-1] INFO  c.e.c.s.CalculateChangesServiceImpl      : 📉 ШОРТ AXS-USDT-SWAP: вход: 2.592, тек.: 2.61500000, изм.: -1.77469100 %
2025-08-31 01:58:29.488 [   scheduling-1] INFO  c.e.c.s.CalculateChangesServiceImpl      : 💰 Текущий профит: 0.28800000 USDT (1.28670271 %)
2025-08-31 01:58:29.488 [   scheduling-1] INFO  c.e.c.s.CalculateChangesServiceImpl      : 📈 Max профит: 1.64143894 % (312 минут), Min профит: -5.06281584 % (52 минут)
2025-08-31 01:59:13.885 [   scheduling-1] INFO  c.e.c.processors.UpdateTradeProcessor    : 
2025-08-31 01:59:13.885 [   scheduling-1] INFO  c.e.c.processors.UpdateTradeProcessor    : 🔄 Обновление пары BIO-USDT-SWAP/KSM-USDT-SWAP...
2025-08-31 01:59:16.075 [   scheduling-1] INFO  c.e.c.processors.UpdateTradeProcessor    : Наша пара: long=BIO-USDT-SWAP, short=KSM-USDT-SWAP | cointegrated=false | p=0.10000 | adf=0.38765 | z=0.83 | corr=0.49 | avgAdf=0.39 | avgR=0.42 | stablePeriods=16 | traceStat=7.28 | criticalValue95=15.49 | eigenSize=2 | vectorSize=0 | errors=N/A. Чек: pValue=0.10000 ✅, ADF=0.38765 ⚠️, R²=0.41506 ✅, stablePeriods=16
2025-08-31 01:59:16.097 [   scheduling-1] INFO  c.e.c.s.CalculateChangesServiceImpl      : 📊 ЛОНГ BIO-USDT-SWAP: вход: 0.16125, тек.: 0.16243000, изм.: 1.46356600 %
2025-08-31 01:59:16.097 [   scheduling-1] INFO  c.e.c.s.CalculateChangesServiceImpl      : 📉 ШОРТ KSM-USDT-SWAP: вход: 15.37, тек.: 15.71000000, изм.: -4.42420300 %
2025-08-31 01:59:16.097 [   scheduling-1] INFO  c.e.c.s.CalculateChangesServiceImpl      : 💰 Текущий профит: -0.47114000 USDT (-1.57852090 %)
2025-08-31 01:59:16.098 [   scheduling-1] INFO  c.e.c.s.CalculateChangesServiceImpl      : 📈 Max профит: 1.05526565 % (524 минут), Min профит: -14.57154472 % (253 минут)
2025-08-31 01:59:26.731 [   scheduling-1] INFO  c.e.c.processors.UpdateTradeProcessor    : 
2025-08-31 01:59:26.732 [   scheduling-1] INFO  c.e.c.processors.UpdateTradeProcessor    : 🔄 Обновление пары AR-USDT-SWAP/AXS-USDT-SWAP...
2025-08-31 01:59:29.266 [   scheduling-1] INFO  c.e.c.processors.UpdateTradeProcessor    : Наша пара: long=AXS-USDT-SWAP, short=AR-USDT-SWAP | cointegrated=false | p=0.10000 | adf=0.29245 | z=-0.77 | corr=0.43 | avgAdf=0.29 | avgR=0.81 | stablePeriods=83 | traceStat=3.66 | criticalValue95=15.49 | eigenSize=2 | vectorSize=0 | errors=N/A. Чек: pValue=0.10000 ✅, ADF=0.29245 ⚠️, R²=0.80691 ⚠️, stablePeriods=83
2025-08-31 01:59:29.287 [   scheduling-1] INFO  c.e.c.s.CalculateChangesServiceImpl      : 📊 ЛОНГ AR-USDT-SWAP: вход: 6.46, тек.: 6.58500000, изм.: 3.86996900 %
2025-08-31 01:59:29.288 [   scheduling-1] INFO  c.e.c.s.CalculateChangesServiceImpl      : 📉 ШОРТ AXS-USDT-SWAP: вход: 2.592, тек.: 2.62000000, изм.: -2.16049400 %
2025-08-31 01:59:29.288 [   scheduling-1] INFO  c.e.c.s.CalculateChangesServiceImpl      : 💰 Текущий профит: 0.25660000 USDT (1.14641590 %)
2025-08-31 01:59:29.288 [   scheduling-1] INFO  c.e.c.s.CalculateChangesServiceImpl      : 📈 Max профит: 1.64143894 % (312 минут), Min профит: -5.06281584 % (52 минут)
